2023-01-03 19:51:54.9747||INFO|Microsoft.Hosting.Lifetime|Now listening on: https://localhost:5001 
2023-01-03 19:51:55.0164||INFO|Microsoft.Hosting.Lifetime|Now listening on: http://localhost:5000 
2023-01-03 19:51:55.0164||INFO|Microsoft.Hosting.Lifetime|Application started. Press Ctrl+C to shut down. 
2023-01-03 19:51:55.0164||INFO|Microsoft.Hosting.Lifetime|Hosting environment: Development 
2023-01-03 19:51:55.0164||INFO|Microsoft.Hosting.Lifetime|Content root path: C:\Users\User\Desktop\Kodowanie\053_RestaurantAPI\RestaurantAPI\RestaurantAPI 
2023-01-03 19:56:12.2914||INFO|Microsoft.Hosting.Lifetime|Now listening on: https://localhost:5001 
2023-01-03 19:56:12.3821||INFO|Microsoft.Hosting.Lifetime|Now listening on: http://localhost:5000 
2023-01-03 19:56:12.3821||INFO|Microsoft.Hosting.Lifetime|Application started. Press Ctrl+C to shut down. 
2023-01-03 19:56:12.3821||INFO|Microsoft.Hosting.Lifetime|Hosting environment: Development 
2023-01-03 19:56:12.3821||INFO|Microsoft.Hosting.Lifetime|Content root path: C:\Users\User\Desktop\Kodowanie\053_RestaurantAPI\RestaurantAPI\RestaurantAPI 
2023-01-03 19:56:18.9828||INFO|Microsoft.Hosting.Lifetime|Now listening on: https://localhost:5001 
2023-01-03 19:56:19.0270||INFO|Microsoft.Hosting.Lifetime|Now listening on: http://localhost:5000 
2023-01-03 19:56:19.0297||INFO|Microsoft.Hosting.Lifetime|Application started. Press Ctrl+C to shut down. 
2023-01-03 19:56:19.0297||INFO|Microsoft.Hosting.Lifetime|Hosting environment: Development 
2023-01-03 19:56:19.0297||INFO|Microsoft.Hosting.Lifetime|Content root path: C:\Users\User\Desktop\Kodowanie\053_RestaurantAPI\RestaurantAPI\RestaurantAPI 
2023-01-03 19:56:48.4977||INFO|Microsoft.Hosting.Lifetime|Now listening on: https://localhost:5001 
2023-01-03 19:56:48.5471||INFO|Microsoft.Hosting.Lifetime|Now listening on: http://localhost:5000 
2023-01-03 19:56:48.5471||INFO|Microsoft.Hosting.Lifetime|Application started. Press Ctrl+C to shut down. 
2023-01-03 19:56:48.5471||INFO|Microsoft.Hosting.Lifetime|Hosting environment: Development 
2023-01-03 19:56:48.5471||INFO|Microsoft.Hosting.Lifetime|Content root path: C:\Users\User\Desktop\Kodowanie\053_RestaurantAPI\RestaurantAPI\RestaurantAPI 
2023-01-03 19:57:06.4598||INFO|Microsoft.Hosting.Lifetime|Now listening on: https://localhost:5001 
2023-01-03 19:57:06.5107||INFO|Microsoft.Hosting.Lifetime|Now listening on: http://localhost:5000 
2023-01-03 19:57:06.5132||INFO|Microsoft.Hosting.Lifetime|Application started. Press Ctrl+C to shut down. 
2023-01-03 19:57:06.5132||INFO|Microsoft.Hosting.Lifetime|Hosting environment: Development 
2023-01-03 19:57:06.5132||INFO|Microsoft.Hosting.Lifetime|Content root path: C:\Users\User\Desktop\Kodowanie\053_RestaurantAPI\RestaurantAPI\RestaurantAPI 
2023-01-03 19:57:27.1132||INFO|Microsoft.Hosting.Lifetime|Now listening on: https://localhost:5001 
2023-01-03 19:57:27.1565||INFO|Microsoft.Hosting.Lifetime|Now listening on: http://localhost:5000 
2023-01-03 19:57:27.1565||INFO|Microsoft.Hosting.Lifetime|Application started. Press Ctrl+C to shut down. 
2023-01-03 19:57:27.1565||INFO|Microsoft.Hosting.Lifetime|Hosting environment: Development 
2023-01-03 19:57:27.1565||INFO|Microsoft.Hosting.Lifetime|Content root path: C:\Users\User\Desktop\Kodowanie\053_RestaurantAPI\RestaurantAPI\RestaurantAPI 
2023-01-03 20:35:04.9295||INFO|Microsoft.Hosting.Lifetime|Now listening on: https://localhost:5001 
2023-01-03 20:35:04.9720||INFO|Microsoft.Hosting.Lifetime|Now listening on: http://localhost:5000 
2023-01-03 20:35:04.9720||INFO|Microsoft.Hosting.Lifetime|Application started. Press Ctrl+C to shut down. 
2023-01-03 20:35:04.9720||INFO|Microsoft.Hosting.Lifetime|Hosting environment: Development 
2023-01-03 20:35:04.9720||INFO|Microsoft.Hosting.Lifetime|Content root path: C:\Users\User\Desktop\Kodowanie\053_RestaurantAPI\RestaurantAPI\RestaurantAPI 
2023-01-03 20:37:47.8639||INFO|Microsoft.Hosting.Lifetime|Now listening on: https://localhost:5001 
2023-01-03 20:37:47.9039||INFO|Microsoft.Hosting.Lifetime|Now listening on: http://localhost:5000 
2023-01-03 20:37:47.9060||INFO|Microsoft.Hosting.Lifetime|Application started. Press Ctrl+C to shut down. 
2023-01-03 20:37:47.9060||INFO|Microsoft.Hosting.Lifetime|Hosting environment: Development 
2023-01-03 20:37:47.9060||INFO|Microsoft.Hosting.Lifetime|Content root path: C:\Users\User\Desktop\Kodowanie\053_RestaurantAPI\RestaurantAPI\RestaurantAPI 
2023-01-03 20:51:46.8848||INFO|Microsoft.Hosting.Lifetime|Now listening on: https://localhost:5001 
2023-01-03 20:51:46.9310||INFO|Microsoft.Hosting.Lifetime|Now listening on: http://localhost:5000 
2023-01-03 20:51:46.9310||INFO|Microsoft.Hosting.Lifetime|Application started. Press Ctrl+C to shut down. 
2023-01-03 20:51:46.9310||INFO|Microsoft.Hosting.Lifetime|Hosting environment: Development 
2023-01-03 20:51:46.9354||INFO|Microsoft.Hosting.Lifetime|Content root path: C:\Users\User\Desktop\Kodowanie\053_RestaurantAPI\RestaurantAPI\RestaurantAPI 
2023-01-03 20:59:38.9362||INFO|Microsoft.Hosting.Lifetime|Now listening on: https://localhost:5001 
2023-01-03 20:59:38.9859||INFO|Microsoft.Hosting.Lifetime|Now listening on: http://localhost:5000 
2023-01-03 20:59:38.9859||INFO|Microsoft.Hosting.Lifetime|Application started. Press Ctrl+C to shut down. 
2023-01-03 20:59:38.9859||INFO|Microsoft.Hosting.Lifetime|Hosting environment: Development 
2023-01-03 20:59:38.9859||INFO|Microsoft.Hosting.Lifetime|Content root path: C:\Users\User\Desktop\Kodowanie\053_RestaurantAPI\RestaurantAPI\RestaurantAPI 
2023-01-03 20:59:40.3093||FATAL|Microsoft.AspNetCore.Server.Kestrel|Unable to start Kestrel. System.IO.IOException: Failed to bind to address https://127.0.0.1:5001: address already in use.
 ---> Microsoft.AspNetCore.Connections.AddressInUseException: Tylko jedno użycie każdego adresu gniazda (protokół/adres sieciowy/port) jest normalnie dozwolone.
 ---> System.Net.Sockets.SocketException (10048): Tylko jedno użycie każdego adresu gniazda (protokół/adres sieciowy/port) jest normalnie dozwolone.
   at System.Net.Sockets.Socket.UpdateStatusAfterSocketErrorAndThrowException(SocketError error, String callerName)
   at System.Net.Sockets.Socket.DoBind(EndPoint endPointSnapshot, SocketAddress socketAddress)
   at System.Net.Sockets.Socket.Bind(EndPoint localEP)
   at Microsoft.AspNetCore.Server.Kestrel.Transport.Sockets.SocketConnectionListener.<Bind>g__BindSocket|13_0(<>c__DisplayClass13_0& )
   --- End of inner exception stack trace ---
   at Microsoft.AspNetCore.Server.Kestrel.Transport.Sockets.SocketConnectionListener.<Bind>g__BindSocket|13_0(<>c__DisplayClass13_0& )
   at Microsoft.AspNetCore.Server.Kestrel.Transport.Sockets.SocketConnectionListener.Bind()
   at Microsoft.AspNetCore.Server.Kestrel.Transport.Sockets.SocketTransportFactory.BindAsync(EndPoint endpoint, CancellationToken cancellationToken)
   at Microsoft.AspNetCore.Server.Kestrel.Core.Internal.Infrastructure.TransportManager.BindAsync(EndPoint endPoint, ConnectionDelegate connectionDelegate, EndpointConfig endpointConfig)
   at Microsoft.AspNetCore.Server.Kestrel.Core.KestrelServerImpl.<>c__DisplayClass29_0`1.<<StartAsync>g__OnBind|0>d.MoveNext()
--- End of stack trace from previous location ---
   at Microsoft.AspNetCore.Server.Kestrel.Core.Internal.AddressBinder.BindEndpointAsync(ListenOptions endpoint, AddressBindContext context)
   --- End of inner exception stack trace ---
   at Microsoft.AspNetCore.Server.Kestrel.Core.Internal.AddressBinder.BindEndpointAsync(ListenOptions endpoint, AddressBindContext context)
   at Microsoft.AspNetCore.Server.Kestrel.Core.LocalhostListenOptions.BindAsync(AddressBindContext context)
   at Microsoft.AspNetCore.Server.Kestrel.Core.Internal.AddressBinder.AddressesStrategy.BindAsync(AddressBindContext context)
   at Microsoft.AspNetCore.Server.Kestrel.Core.Internal.AddressBinder.BindAsync(IEnumerable`1 listenOptions, AddressBindContext context)
   at Microsoft.AspNetCore.Server.Kestrel.Core.KestrelServerImpl.BindAsync(CancellationToken cancellationToken)
   at Microsoft.AspNetCore.Server.Kestrel.Core.KestrelServerImpl.StartAsync[TContext](IHttpApplication`1 application, CancellationToken cancellationToken)
2023-01-03 21:49:39.2315||INFO|Microsoft.Hosting.Lifetime|Now listening on: https://localhost:5001 
2023-01-03 21:49:39.2492||INFO|Microsoft.Hosting.Lifetime|Now listening on: http://localhost:5000 
2023-01-03 21:49:39.2492||INFO|Microsoft.Hosting.Lifetime|Application started. Press Ctrl+C to shut down. 
2023-01-03 21:49:39.2492||INFO|Microsoft.Hosting.Lifetime|Hosting environment: Development 
2023-01-03 21:49:39.2492||INFO|Microsoft.Hosting.Lifetime|Content root path: C:\Users\User\Desktop\Kodowanie\053_RestaurantAPI\RestaurantAPI\RestaurantAPI 
2023-01-03 22:03:13.6998||INFO|Microsoft.Hosting.Lifetime|Now listening on: https://localhost:5001 
2023-01-03 22:03:13.7172||INFO|Microsoft.Hosting.Lifetime|Now listening on: http://localhost:5000 
2023-01-03 22:03:13.7172||INFO|Microsoft.Hosting.Lifetime|Application started. Press Ctrl+C to shut down. 
2023-01-03 22:03:13.7172||INFO|Microsoft.Hosting.Lifetime|Hosting environment: Development 
2023-01-03 22:03:13.7172||INFO|Microsoft.Hosting.Lifetime|Content root path: C:\Users\User\Desktop\Kodowanie\053_RestaurantAPI\RestaurantAPI\RestaurantAPI 
2023-01-03 22:21:11.9113||INFO|Microsoft.Hosting.Lifetime|Now listening on: https://localhost:5001 
2023-01-03 22:21:11.9412||INFO|Microsoft.Hosting.Lifetime|Now listening on: http://localhost:5000 
2023-01-03 22:21:11.9412||INFO|Microsoft.Hosting.Lifetime|Application started. Press Ctrl+C to shut down. 
2023-01-03 22:21:11.9412||INFO|Microsoft.Hosting.Lifetime|Hosting environment: Development 
2023-01-03 22:21:11.9530||INFO|Microsoft.Hosting.Lifetime|Content root path: C:\Users\User\Desktop\Kodowanie\053_RestaurantAPI\RestaurantAPI\RestaurantAPI 
2023-01-03 22:25:33.2526||INFO|Microsoft.Hosting.Lifetime|Now listening on: https://localhost:5001 
2023-01-03 22:25:33.2756||INFO|Microsoft.Hosting.Lifetime|Now listening on: http://localhost:5000 
2023-01-03 22:25:33.2794||INFO|Microsoft.Hosting.Lifetime|Application started. Press Ctrl+C to shut down. 
2023-01-03 22:25:33.2794||INFO|Microsoft.Hosting.Lifetime|Hosting environment: Development 
2023-01-03 22:25:33.2794||INFO|Microsoft.Hosting.Lifetime|Content root path: C:\Users\User\Desktop\Kodowanie\053_RestaurantAPI\RestaurantAPI\RestaurantAPI 
2023-01-03 22:25:37.8576||INFO|Microsoft.Hosting.Lifetime|Now listening on: https://localhost:5001 
2023-01-03 22:25:37.8750||INFO|Microsoft.Hosting.Lifetime|Now listening on: http://localhost:5000 
2023-01-03 22:25:37.8750||INFO|Microsoft.Hosting.Lifetime|Application started. Press Ctrl+C to shut down. 
2023-01-03 22:25:37.8750||INFO|Microsoft.Hosting.Lifetime|Hosting environment: Development 
2023-01-03 22:25:37.8750||INFO|Microsoft.Hosting.Lifetime|Content root path: C:\Users\User\Desktop\Kodowanie\053_RestaurantAPI\RestaurantAPI\RestaurantAPI 
2023-01-03 22:34:01.5343||INFO|Microsoft.Hosting.Lifetime|Now listening on: https://localhost:5001 
2023-01-03 22:34:01.5571||INFO|Microsoft.Hosting.Lifetime|Now listening on: http://localhost:5000 
2023-01-03 22:34:01.5619||INFO|Microsoft.Hosting.Lifetime|Application started. Press Ctrl+C to shut down. 
2023-01-03 22:34:01.5619||INFO|Microsoft.Hosting.Lifetime|Hosting environment: Development 
2023-01-03 22:34:01.5619||INFO|Microsoft.Hosting.Lifetime|Content root path: C:\Users\User\Desktop\Kodowanie\053_RestaurantAPI\RestaurantAPI\RestaurantAPI 
2023-01-03 22:34:51.0293||INFO|RestaurantAPI.Middleware.RequestTimeMiddleware|Request [GET] at /file took 23850 ms 
