2022-12-29 20:37:57.9904||INFO|Microsoft.Hosting.Lifetime|Now listening on: https://localhost:5001 
2022-12-29 20:37:58.0100||INFO|Microsoft.Hosting.Lifetime|Now listening on: http://localhost:5000 
2022-12-29 20:37:58.0100||INFO|Microsoft.Hosting.Lifetime|Application started. Press Ctrl+C to shut down. 
2022-12-29 20:37:58.0100||INFO|Microsoft.Hosting.Lifetime|Hosting environment: Development 
2022-12-29 20:37:58.0100||INFO|Microsoft.Hosting.Lifetime|Content root path: C:\Users\User\Desktop\Kodowanie\053_RestaurantAPI\RestaurantAPI\RestaurantAPI 
2022-12-29 20:40:53.1348||INFO|Microsoft.Hosting.Lifetime|Now listening on: https://localhost:5001 
2022-12-29 20:40:53.1549||INFO|Microsoft.Hosting.Lifetime|Now listening on: http://localhost:5000 
2022-12-29 20:40:53.1549||INFO|Microsoft.Hosting.Lifetime|Application started. Press Ctrl+C to shut down. 
2022-12-29 20:40:53.1549||INFO|Microsoft.Hosting.Lifetime|Hosting environment: Development 
2022-12-29 20:40:53.1549||INFO|Microsoft.Hosting.Lifetime|Content root path: C:\Users\User\Desktop\Kodowanie\053_RestaurantAPI\RestaurantAPI\RestaurantAPI 
2022-12-29 20:41:31.4000||INFO|Microsoft.Hosting.Lifetime|Now listening on: https://localhost:5001 
2022-12-29 20:41:31.4180||INFO|Microsoft.Hosting.Lifetime|Now listening on: http://localhost:5000 
2022-12-29 20:41:31.4180||INFO|Microsoft.Hosting.Lifetime|Application started. Press Ctrl+C to shut down. 
2022-12-29 20:41:31.4197||INFO|Microsoft.Hosting.Lifetime|Hosting environment: Development 
2022-12-29 20:41:31.4197||INFO|Microsoft.Hosting.Lifetime|Content root path: C:\Users\User\Desktop\Kodowanie\053_RestaurantAPI\RestaurantAPI\RestaurantAPI 
2022-12-29 20:42:42.7946||INFO|Microsoft.Hosting.Lifetime|Now listening on: https://localhost:5001 
2022-12-29 20:42:42.8135||INFO|Microsoft.Hosting.Lifetime|Now listening on: http://localhost:5000 
2022-12-29 20:42:42.8135||INFO|Microsoft.Hosting.Lifetime|Application started. Press Ctrl+C to shut down. 
2022-12-29 20:42:42.8135||INFO|Microsoft.Hosting.Lifetime|Hosting environment: Development 
2022-12-29 20:42:42.8135||INFO|Microsoft.Hosting.Lifetime|Content root path: C:\Users\User\Desktop\Kodowanie\053_RestaurantAPI\RestaurantAPI\RestaurantAPI 
2022-12-29 20:44:12.3777||INFO|Microsoft.Hosting.Lifetime|Now listening on: https://localhost:5001 
2022-12-29 20:44:12.3972||INFO|Microsoft.Hosting.Lifetime|Now listening on: http://localhost:5000 
2022-12-29 20:44:12.3972||INFO|Microsoft.Hosting.Lifetime|Application started. Press Ctrl+C to shut down. 
2022-12-29 20:44:12.3972||INFO|Microsoft.Hosting.Lifetime|Hosting environment: Development 
2022-12-29 20:44:12.3972||INFO|Microsoft.Hosting.Lifetime|Content root path: C:\Users\User\Desktop\Kodowanie\053_RestaurantAPI\RestaurantAPI\RestaurantAPI 
2022-12-29 20:44:37.5283||INFO|Microsoft.Hosting.Lifetime|Now listening on: https://localhost:5001 
2022-12-29 20:44:37.5457||INFO|Microsoft.Hosting.Lifetime|Now listening on: http://localhost:5000 
2022-12-29 20:44:37.5457||INFO|Microsoft.Hosting.Lifetime|Application started. Press Ctrl+C to shut down. 
2022-12-29 20:44:37.5457||INFO|Microsoft.Hosting.Lifetime|Hosting environment: Development 
2022-12-29 20:44:37.5457||INFO|Microsoft.Hosting.Lifetime|Content root path: C:\Users\User\Desktop\Kodowanie\053_RestaurantAPI\RestaurantAPI\RestaurantAPI 
2022-12-29 20:46:46.0268||INFO|Microsoft.Hosting.Lifetime|Now listening on: https://localhost:5001 
2022-12-29 20:46:46.0441||INFO|Microsoft.Hosting.Lifetime|Now listening on: http://localhost:5000 
2022-12-29 20:46:46.0441||INFO|Microsoft.Hosting.Lifetime|Application started. Press Ctrl+C to shut down. 
2022-12-29 20:46:46.0452||INFO|Microsoft.Hosting.Lifetime|Hosting environment: Development 
2022-12-29 20:46:46.0452||INFO|Microsoft.Hosting.Lifetime|Content root path: C:\Users\User\Desktop\Kodowanie\053_RestaurantAPI\RestaurantAPI\RestaurantAPI 
2022-12-29 20:47:43.2963||INFO|Microsoft.Hosting.Lifetime|Now listening on: https://localhost:5001 
2022-12-29 20:47:43.3148||INFO|Microsoft.Hosting.Lifetime|Now listening on: http://localhost:5000 
2022-12-29 20:47:43.3148||INFO|Microsoft.Hosting.Lifetime|Application started. Press Ctrl+C to shut down. 
2022-12-29 20:47:43.3148||INFO|Microsoft.Hosting.Lifetime|Hosting environment: Development 
2022-12-29 20:47:43.3148||INFO|Microsoft.Hosting.Lifetime|Content root path: C:\Users\User\Desktop\Kodowanie\053_RestaurantAPI\RestaurantAPI\RestaurantAPI 
2022-12-29 20:48:20.4213||INFO|Microsoft.Hosting.Lifetime|Now listening on: https://localhost:5001 
2022-12-29 20:48:20.4386||INFO|Microsoft.Hosting.Lifetime|Now listening on: http://localhost:5000 
2022-12-29 20:48:20.4386||INFO|Microsoft.Hosting.Lifetime|Application started. Press Ctrl+C to shut down. 
2022-12-29 20:48:20.4386||INFO|Microsoft.Hosting.Lifetime|Hosting environment: Development 
2022-12-29 20:48:20.4386||INFO|Microsoft.Hosting.Lifetime|Content root path: C:\Users\User\Desktop\Kodowanie\053_RestaurantAPI\RestaurantAPI\RestaurantAPI 
2022-12-29 20:54:36.8180||ERROR|RestaurantAPI.Middleware.ErrorHandlingMiddleware|Nullable object must have a value. System.InvalidOperationException: Nullable object must have a value.
   at System.Nullable`1.get_Value()
   at RestaurantAPI.Services.AccountService.GenerateJwt(LoginDto dto) in C:\Users\User\Desktop\Kodowanie\053_RestaurantAPI\RestaurantAPI\RestaurantAPI\Services\AccountService.cs:line 52
   at RestaurantAPI.Controllers.AccountController.Login(LoginDto dto) in C:\Users\User\Desktop\Kodowanie\053_RestaurantAPI\RestaurantAPI\RestaurantAPI\Controllers\AccountController.cs:line 29
   at lambda_method105(Closure , Object , Object[] )
   at Microsoft.AspNetCore.Mvc.Infrastructure.ActionMethodExecutor.SyncActionResultExecutor.Execute(IActionResultTypeMapper mapper, ObjectMethodExecutor executor, Object controller, Object[] arguments)
   at Microsoft.AspNetCore.Mvc.Infrastructure.ControllerActionInvoker.InvokeActionMethodAsync()
   at Microsoft.AspNetCore.Mvc.Infrastructure.ControllerActionInvoker.Next(State& next, Scope& scope, Object& state, Boolean& isCompleted)
   at Microsoft.AspNetCore.Mvc.Infrastructure.ControllerActionInvoker.InvokeNextActionFilterAsync()
--- End of stack trace from previous location ---
   at Microsoft.AspNetCore.Mvc.Infrastructure.ControllerActionInvoker.Rethrow(ActionExecutedContextSealed context)
   at Microsoft.AspNetCore.Mvc.Infrastructure.ControllerActionInvoker.Next(State& next, Scope& scope, Object& state, Boolean& isCompleted)
   at Microsoft.AspNetCore.Mvc.Infrastructure.ControllerActionInvoker.InvokeInnerFilterAsync()
--- End of stack trace from previous location ---
   at Microsoft.AspNetCore.Mvc.Infrastructure.ResourceInvoker.<InvokeFilterPipelineAsync>g__Awaited|19_0(ResourceInvoker invoker, Task lastTask, State next, Scope scope, Object state, Boolean isCompleted)
   at Microsoft.AspNetCore.Mvc.Infrastructure.ResourceInvoker.<InvokeAsync>g__Awaited|17_0(ResourceInvoker invoker, Task task, IDisposable scope)
   at Microsoft.AspNetCore.Routing.EndpointMiddleware.<Invoke>g__AwaitRequestTask|6_0(Endpoint endpoint, Task requestTask, ILogger logger)
   at Microsoft.AspNetCore.Authorization.AuthorizationMiddleware.Invoke(HttpContext context)
   at Microsoft.AspNetCore.Authorization.AuthorizationMiddleware.Invoke(HttpContext context)
   at Swashbuckle.AspNetCore.SwaggerUI.SwaggerUIMiddleware.Invoke(HttpContext httpContext)
   at Swashbuckle.AspNetCore.Swagger.SwaggerMiddleware.Invoke(HttpContext httpContext, ISwaggerProvider swaggerProvider)
   at Microsoft.AspNetCore.Authentication.AuthenticationMiddleware.Invoke(HttpContext context)
   at RestaurantAPI.Middleware.RequestTimeMiddleware.InvokeAsync(HttpContext context, RequestDelegate next) in C:\Users\User\Desktop\Kodowanie\053_RestaurantAPI\RestaurantAPI\RestaurantAPI\Middleware\RequestTimeMiddleware.cs:line 21
   at Microsoft.AspNetCore.Builder.UseMiddlewareExtensions.<>c__DisplayClass6_1.<<UseMiddlewareInterface>b__1>d.MoveNext()
--- End of stack trace from previous location ---
   at RestaurantAPI.Middleware.ErrorHandlingMiddleware.InvokeAsync(HttpContext context, RequestDelegate next) in C:\Users\User\Desktop\Kodowanie\053_RestaurantAPI\RestaurantAPI\RestaurantAPI\Middleware\ErrorHandlingMiddleware.cs:line 22
2022-12-29 20:54:55.9058||ERROR|RestaurantAPI.Middleware.ErrorHandlingMiddleware|Nullable object must have a value. System.InvalidOperationException: Nullable object must have a value.
   at System.Nullable`1.get_Value()
   at RestaurantAPI.Services.AccountService.GenerateJwt(LoginDto dto) in C:\Users\User\Desktop\Kodowanie\053_RestaurantAPI\RestaurantAPI\RestaurantAPI\Services\AccountService.cs:line 52
   at RestaurantAPI.Controllers.AccountController.Login(LoginDto dto) in C:\Users\User\Desktop\Kodowanie\053_RestaurantAPI\RestaurantAPI\RestaurantAPI\Controllers\AccountController.cs:line 29
   at lambda_method105(Closure , Object , Object[] )
   at Microsoft.AspNetCore.Mvc.Infrastructure.ActionMethodExecutor.SyncActionResultExecutor.Execute(IActionResultTypeMapper mapper, ObjectMethodExecutor executor, Object controller, Object[] arguments)
   at Microsoft.AspNetCore.Mvc.Infrastructure.ControllerActionInvoker.InvokeActionMethodAsync()
   at Microsoft.AspNetCore.Mvc.Infrastructure.ControllerActionInvoker.Next(State& next, Scope& scope, Object& state, Boolean& isCompleted)
   at Microsoft.AspNetCore.Mvc.Infrastructure.ControllerActionInvoker.InvokeNextActionFilterAsync()
--- End of stack trace from previous location ---
   at Microsoft.AspNetCore.Mvc.Infrastructure.ControllerActionInvoker.Rethrow(ActionExecutedContextSealed context)
   at Microsoft.AspNetCore.Mvc.Infrastructure.ControllerActionInvoker.Next(State& next, Scope& scope, Object& state, Boolean& isCompleted)
   at Microsoft.AspNetCore.Mvc.Infrastructure.ControllerActionInvoker.InvokeInnerFilterAsync()
--- End of stack trace from previous location ---
   at Microsoft.AspNetCore.Mvc.Infrastructure.ResourceInvoker.<InvokeFilterPipelineAsync>g__Awaited|19_0(ResourceInvoker invoker, Task lastTask, State next, Scope scope, Object state, Boolean isCompleted)
   at Microsoft.AspNetCore.Mvc.Infrastructure.ResourceInvoker.<InvokeAsync>g__Awaited|17_0(ResourceInvoker invoker, Task task, IDisposable scope)
   at Microsoft.AspNetCore.Routing.EndpointMiddleware.<Invoke>g__AwaitRequestTask|6_0(Endpoint endpoint, Task requestTask, ILogger logger)
   at Microsoft.AspNetCore.Authorization.AuthorizationMiddleware.Invoke(HttpContext context)
   at Microsoft.AspNetCore.Authorization.AuthorizationMiddleware.Invoke(HttpContext context)
   at Swashbuckle.AspNetCore.SwaggerUI.SwaggerUIMiddleware.Invoke(HttpContext httpContext)
   at Swashbuckle.AspNetCore.Swagger.SwaggerMiddleware.Invoke(HttpContext httpContext, ISwaggerProvider swaggerProvider)
   at Microsoft.AspNetCore.Authentication.AuthenticationMiddleware.Invoke(HttpContext context)
   at RestaurantAPI.Middleware.RequestTimeMiddleware.InvokeAsync(HttpContext context, RequestDelegate next) in C:\Users\User\Desktop\Kodowanie\053_RestaurantAPI\RestaurantAPI\RestaurantAPI\Middleware\RequestTimeMiddleware.cs:line 21
   at Microsoft.AspNetCore.Builder.UseMiddlewareExtensions.<>c__DisplayClass6_1.<<UseMiddlewareInterface>b__1>d.MoveNext()
--- End of stack trace from previous location ---
   at RestaurantAPI.Middleware.ErrorHandlingMiddleware.InvokeAsync(HttpContext context, RequestDelegate next) in C:\Users\User\Desktop\Kodowanie\053_RestaurantAPI\RestaurantAPI\RestaurantAPI\Middleware\ErrorHandlingMiddleware.cs:line 22
2022-12-29 20:55:39.6504||ERROR|RestaurantAPI.Middleware.ErrorHandlingMiddleware|Nullable object must have a value. System.InvalidOperationException: Nullable object must have a value.
   at System.Nullable`1.get_Value()
   at RestaurantAPI.Services.AccountService.GenerateJwt(LoginDto dto) in C:\Users\User\Desktop\Kodowanie\053_RestaurantAPI\RestaurantAPI\RestaurantAPI\Services\AccountService.cs:line 52
   at RestaurantAPI.Controllers.AccountController.Login(LoginDto dto) in C:\Users\User\Desktop\Kodowanie\053_RestaurantAPI\RestaurantAPI\RestaurantAPI\Controllers\AccountController.cs:line 29
   at lambda_method105(Closure , Object , Object[] )
   at Microsoft.AspNetCore.Mvc.Infrastructure.ActionMethodExecutor.SyncActionResultExecutor.Execute(IActionResultTypeMapper mapper, ObjectMethodExecutor executor, Object controller, Object[] arguments)
   at Microsoft.AspNetCore.Mvc.Infrastructure.ControllerActionInvoker.InvokeActionMethodAsync()
   at Microsoft.AspNetCore.Mvc.Infrastructure.ControllerActionInvoker.Next(State& next, Scope& scope, Object& state, Boolean& isCompleted)
   at Microsoft.AspNetCore.Mvc.Infrastructure.ControllerActionInvoker.InvokeNextActionFilterAsync()
--- End of stack trace from previous location ---
   at Microsoft.AspNetCore.Mvc.Infrastructure.ControllerActionInvoker.Rethrow(ActionExecutedContextSealed context)
   at Microsoft.AspNetCore.Mvc.Infrastructure.ControllerActionInvoker.Next(State& next, Scope& scope, Object& state, Boolean& isCompleted)
   at Microsoft.AspNetCore.Mvc.Infrastructure.ControllerActionInvoker.InvokeInnerFilterAsync()
--- End of stack trace from previous location ---
   at Microsoft.AspNetCore.Mvc.Infrastructure.ResourceInvoker.<InvokeFilterPipelineAsync>g__Awaited|19_0(ResourceInvoker invoker, Task lastTask, State next, Scope scope, Object state, Boolean isCompleted)
   at Microsoft.AspNetCore.Mvc.Infrastructure.ResourceInvoker.<InvokeAsync>g__Awaited|17_0(ResourceInvoker invoker, Task task, IDisposable scope)
   at Microsoft.AspNetCore.Routing.EndpointMiddleware.<Invoke>g__AwaitRequestTask|6_0(Endpoint endpoint, Task requestTask, ILogger logger)
   at Microsoft.AspNetCore.Authorization.AuthorizationMiddleware.Invoke(HttpContext context)
   at Microsoft.AspNetCore.Authorization.AuthorizationMiddleware.Invoke(HttpContext context)
   at Swashbuckle.AspNetCore.SwaggerUI.SwaggerUIMiddleware.Invoke(HttpContext httpContext)
   at Swashbuckle.AspNetCore.Swagger.SwaggerMiddleware.Invoke(HttpContext httpContext, ISwaggerProvider swaggerProvider)
   at Microsoft.AspNetCore.Authentication.AuthenticationMiddleware.Invoke(HttpContext context)
   at RestaurantAPI.Middleware.RequestTimeMiddleware.InvokeAsync(HttpContext context, RequestDelegate next) in C:\Users\User\Desktop\Kodowanie\053_RestaurantAPI\RestaurantAPI\RestaurantAPI\Middleware\RequestTimeMiddleware.cs:line 21
   at Microsoft.AspNetCore.Builder.UseMiddlewareExtensions.<>c__DisplayClass6_1.<<UseMiddlewareInterface>b__1>d.MoveNext()
--- End of stack trace from previous location ---
   at RestaurantAPI.Middleware.ErrorHandlingMiddleware.InvokeAsync(HttpContext context, RequestDelegate next) in C:\Users\User\Desktop\Kodowanie\053_RestaurantAPI\RestaurantAPI\RestaurantAPI\Middleware\ErrorHandlingMiddleware.cs:line 22
2022-12-29 20:56:06.2193||ERROR|RestaurantAPI.Middleware.ErrorHandlingMiddleware|Nullable object must have a value. System.InvalidOperationException: Nullable object must have a value.
   at System.Nullable`1.get_Value()
   at RestaurantAPI.Services.AccountService.GenerateJwt(LoginDto dto) in C:\Users\User\Desktop\Kodowanie\053_RestaurantAPI\RestaurantAPI\RestaurantAPI\Services\AccountService.cs:line 52
   at RestaurantAPI.Controllers.AccountController.Login(LoginDto dto) in C:\Users\User\Desktop\Kodowanie\053_RestaurantAPI\RestaurantAPI\RestaurantAPI\Controllers\AccountController.cs:line 29
   at lambda_method105(Closure , Object , Object[] )
   at Microsoft.AspNetCore.Mvc.Infrastructure.ActionMethodExecutor.SyncActionResultExecutor.Execute(IActionResultTypeMapper mapper, ObjectMethodExecutor executor, Object controller, Object[] arguments)
   at Microsoft.AspNetCore.Mvc.Infrastructure.ControllerActionInvoker.InvokeActionMethodAsync()
   at Microsoft.AspNetCore.Mvc.Infrastructure.ControllerActionInvoker.Next(State& next, Scope& scope, Object& state, Boolean& isCompleted)
   at Microsoft.AspNetCore.Mvc.Infrastructure.ControllerActionInvoker.InvokeNextActionFilterAsync()
--- End of stack trace from previous location ---
   at Microsoft.AspNetCore.Mvc.Infrastructure.ControllerActionInvoker.Rethrow(ActionExecutedContextSealed context)
   at Microsoft.AspNetCore.Mvc.Infrastructure.ControllerActionInvoker.Next(State& next, Scope& scope, Object& state, Boolean& isCompleted)
   at Microsoft.AspNetCore.Mvc.Infrastructure.ControllerActionInvoker.InvokeInnerFilterAsync()
--- End of stack trace from previous location ---
   at Microsoft.AspNetCore.Mvc.Infrastructure.ResourceInvoker.<InvokeFilterPipelineAsync>g__Awaited|19_0(ResourceInvoker invoker, Task lastTask, State next, Scope scope, Object state, Boolean isCompleted)
   at Microsoft.AspNetCore.Mvc.Infrastructure.ResourceInvoker.<InvokeAsync>g__Awaited|17_0(ResourceInvoker invoker, Task task, IDisposable scope)
   at Microsoft.AspNetCore.Routing.EndpointMiddleware.<Invoke>g__AwaitRequestTask|6_0(Endpoint endpoint, Task requestTask, ILogger logger)
   at Microsoft.AspNetCore.Authorization.AuthorizationMiddleware.Invoke(HttpContext context)
   at Microsoft.AspNetCore.Authorization.AuthorizationMiddleware.Invoke(HttpContext context)
   at Swashbuckle.AspNetCore.SwaggerUI.SwaggerUIMiddleware.Invoke(HttpContext httpContext)
   at Swashbuckle.AspNetCore.Swagger.SwaggerMiddleware.Invoke(HttpContext httpContext, ISwaggerProvider swaggerProvider)
   at Microsoft.AspNetCore.Authentication.AuthenticationMiddleware.Invoke(HttpContext context)
   at RestaurantAPI.Middleware.RequestTimeMiddleware.InvokeAsync(HttpContext context, RequestDelegate next) in C:\Users\User\Desktop\Kodowanie\053_RestaurantAPI\RestaurantAPI\RestaurantAPI\Middleware\RequestTimeMiddleware.cs:line 21
   at Microsoft.AspNetCore.Builder.UseMiddlewareExtensions.<>c__DisplayClass6_1.<<UseMiddlewareInterface>b__1>d.MoveNext()
--- End of stack trace from previous location ---
   at RestaurantAPI.Middleware.ErrorHandlingMiddleware.InvokeAsync(HttpContext context, RequestDelegate next) in C:\Users\User\Desktop\Kodowanie\053_RestaurantAPI\RestaurantAPI\RestaurantAPI\Middleware\ErrorHandlingMiddleware.cs:line 22
2022-12-29 20:56:32.8304||ERROR|RestaurantAPI.Middleware.ErrorHandlingMiddleware|Nullable object must have a value. System.InvalidOperationException: Nullable object must have a value.
   at System.Nullable`1.get_Value()
   at RestaurantAPI.Services.AccountService.GenerateJwt(LoginDto dto) in C:\Users\User\Desktop\Kodowanie\053_RestaurantAPI\RestaurantAPI\RestaurantAPI\Services\AccountService.cs:line 52
   at RestaurantAPI.Controllers.AccountController.Login(LoginDto dto) in C:\Users\User\Desktop\Kodowanie\053_RestaurantAPI\RestaurantAPI\RestaurantAPI\Controllers\AccountController.cs:line 29
   at lambda_method105(Closure , Object , Object[] )
   at Microsoft.AspNetCore.Mvc.Infrastructure.ActionMethodExecutor.SyncActionResultExecutor.Execute(IActionResultTypeMapper mapper, ObjectMethodExecutor executor, Object controller, Object[] arguments)
   at Microsoft.AspNetCore.Mvc.Infrastructure.ControllerActionInvoker.InvokeActionMethodAsync()
   at Microsoft.AspNetCore.Mvc.Infrastructure.ControllerActionInvoker.Next(State& next, Scope& scope, Object& state, Boolean& isCompleted)
   at Microsoft.AspNetCore.Mvc.Infrastructure.ControllerActionInvoker.InvokeNextActionFilterAsync()
--- End of stack trace from previous location ---
   at Microsoft.AspNetCore.Mvc.Infrastructure.ControllerActionInvoker.Rethrow(ActionExecutedContextSealed context)
   at Microsoft.AspNetCore.Mvc.Infrastructure.ControllerActionInvoker.Next(State& next, Scope& scope, Object& state, Boolean& isCompleted)
   at Microsoft.AspNetCore.Mvc.Infrastructure.ControllerActionInvoker.InvokeInnerFilterAsync()
--- End of stack trace from previous location ---
   at Microsoft.AspNetCore.Mvc.Infrastructure.ResourceInvoker.<InvokeFilterPipelineAsync>g__Awaited|19_0(ResourceInvoker invoker, Task lastTask, State next, Scope scope, Object state, Boolean isCompleted)
   at Microsoft.AspNetCore.Mvc.Infrastructure.ResourceInvoker.<InvokeAsync>g__Awaited|17_0(ResourceInvoker invoker, Task task, IDisposable scope)
   at Microsoft.AspNetCore.Routing.EndpointMiddleware.<Invoke>g__AwaitRequestTask|6_0(Endpoint endpoint, Task requestTask, ILogger logger)
   at Microsoft.AspNetCore.Authorization.AuthorizationMiddleware.Invoke(HttpContext context)
   at Microsoft.AspNetCore.Authorization.AuthorizationMiddleware.Invoke(HttpContext context)
   at Swashbuckle.AspNetCore.SwaggerUI.SwaggerUIMiddleware.Invoke(HttpContext httpContext)
   at Swashbuckle.AspNetCore.Swagger.SwaggerMiddleware.Invoke(HttpContext httpContext, ISwaggerProvider swaggerProvider)
   at Microsoft.AspNetCore.Authentication.AuthenticationMiddleware.Invoke(HttpContext context)
   at RestaurantAPI.Middleware.RequestTimeMiddleware.InvokeAsync(HttpContext context, RequestDelegate next) in C:\Users\User\Desktop\Kodowanie\053_RestaurantAPI\RestaurantAPI\RestaurantAPI\Middleware\RequestTimeMiddleware.cs:line 21
   at Microsoft.AspNetCore.Builder.UseMiddlewareExtensions.<>c__DisplayClass6_1.<<UseMiddlewareInterface>b__1>d.MoveNext()
--- End of stack trace from previous location ---
   at RestaurantAPI.Middleware.ErrorHandlingMiddleware.InvokeAsync(HttpContext context, RequestDelegate next) in C:\Users\User\Desktop\Kodowanie\053_RestaurantAPI\RestaurantAPI\RestaurantAPI\Middleware\ErrorHandlingMiddleware.cs:line 22
2022-12-29 20:56:47.2404||INFO|Microsoft.Hosting.Lifetime|Now listening on: https://localhost:5001 
2022-12-29 20:56:47.2649||INFO|Microsoft.Hosting.Lifetime|Now listening on: http://localhost:5000 
2022-12-29 20:56:47.2649||INFO|Microsoft.Hosting.Lifetime|Application started. Press Ctrl+C to shut down. 
2022-12-29 20:56:47.2649||INFO|Microsoft.Hosting.Lifetime|Hosting environment: Development 
2022-12-29 20:56:47.2649||INFO|Microsoft.Hosting.Lifetime|Content root path: C:\Users\User\Desktop\Kodowanie\053_RestaurantAPI\RestaurantAPI\RestaurantAPI 
2022-12-29 20:56:52.7594||ERROR|RestaurantAPI.Middleware.ErrorHandlingMiddleware|Nullable object must have a value. System.InvalidOperationException: Nullable object must have a value.
   at System.Nullable`1.get_Value()
   at RestaurantAPI.Services.AccountService.GenerateJwt(LoginDto dto) in C:\Users\User\Desktop\Kodowanie\053_RestaurantAPI\RestaurantAPI\RestaurantAPI\Services\AccountService.cs:line 52
   at RestaurantAPI.Controllers.AccountController.Login(LoginDto dto) in C:\Users\User\Desktop\Kodowanie\053_RestaurantAPI\RestaurantAPI\RestaurantAPI\Controllers\AccountController.cs:line 29
   at lambda_method16(Closure , Object , Object[] )
   at Microsoft.AspNetCore.Mvc.Infrastructure.ActionMethodExecutor.SyncActionResultExecutor.Execute(IActionResultTypeMapper mapper, ObjectMethodExecutor executor, Object controller, Object[] arguments)
   at Microsoft.AspNetCore.Mvc.Infrastructure.ControllerActionInvoker.InvokeActionMethodAsync()
   at Microsoft.AspNetCore.Mvc.Infrastructure.ControllerActionInvoker.Next(State& next, Scope& scope, Object& state, Boolean& isCompleted)
   at Microsoft.AspNetCore.Mvc.Infrastructure.ControllerActionInvoker.InvokeNextActionFilterAsync()
--- End of stack trace from previous location ---
   at Microsoft.AspNetCore.Mvc.Infrastructure.ControllerActionInvoker.Rethrow(ActionExecutedContextSealed context)
   at Microsoft.AspNetCore.Mvc.Infrastructure.ControllerActionInvoker.Next(State& next, Scope& scope, Object& state, Boolean& isCompleted)
   at Microsoft.AspNetCore.Mvc.Infrastructure.ControllerActionInvoker.InvokeInnerFilterAsync()
--- End of stack trace from previous location ---
   at Microsoft.AspNetCore.Mvc.Infrastructure.ResourceInvoker.<InvokeFilterPipelineAsync>g__Awaited|19_0(ResourceInvoker invoker, Task lastTask, State next, Scope scope, Object state, Boolean isCompleted)
   at Microsoft.AspNetCore.Mvc.Infrastructure.ResourceInvoker.<InvokeAsync>g__Awaited|17_0(ResourceInvoker invoker, Task task, IDisposable scope)
   at Microsoft.AspNetCore.Routing.EndpointMiddleware.<Invoke>g__AwaitRequestTask|6_0(Endpoint endpoint, Task requestTask, ILogger logger)
   at Microsoft.AspNetCore.Authorization.AuthorizationMiddleware.Invoke(HttpContext context)
   at Microsoft.AspNetCore.Authorization.AuthorizationMiddleware.Invoke(HttpContext context)
   at Swashbuckle.AspNetCore.SwaggerUI.SwaggerUIMiddleware.Invoke(HttpContext httpContext)
   at Swashbuckle.AspNetCore.Swagger.SwaggerMiddleware.Invoke(HttpContext httpContext, ISwaggerProvider swaggerProvider)
   at Microsoft.AspNetCore.Authentication.AuthenticationMiddleware.Invoke(HttpContext context)
   at RestaurantAPI.Middleware.RequestTimeMiddleware.InvokeAsync(HttpContext context, RequestDelegate next) in C:\Users\User\Desktop\Kodowanie\053_RestaurantAPI\RestaurantAPI\RestaurantAPI\Middleware\RequestTimeMiddleware.cs:line 21
   at Microsoft.AspNetCore.Builder.UseMiddlewareExtensions.<>c__DisplayClass6_1.<<UseMiddlewareInterface>b__1>d.MoveNext()
--- End of stack trace from previous location ---
   at RestaurantAPI.Middleware.ErrorHandlingMiddleware.InvokeAsync(HttpContext context, RequestDelegate next) in C:\Users\User\Desktop\Kodowanie\053_RestaurantAPI\RestaurantAPI\RestaurantAPI\Middleware\ErrorHandlingMiddleware.cs:line 22
2022-12-29 20:57:18.0901||ERROR|RestaurantAPI.Middleware.ErrorHandlingMiddleware|Nullable object must have a value. System.InvalidOperationException: Nullable object must have a value.
   at System.Nullable`1.get_Value()
   at RestaurantAPI.Services.AccountService.GenerateJwt(LoginDto dto) in C:\Users\User\Desktop\Kodowanie\053_RestaurantAPI\RestaurantAPI\RestaurantAPI\Services\AccountService.cs:line 52
   at RestaurantAPI.Controllers.AccountController.Login(LoginDto dto) in C:\Users\User\Desktop\Kodowanie\053_RestaurantAPI\RestaurantAPI\RestaurantAPI\Controllers\AccountController.cs:line 29
   at lambda_method16(Closure , Object , Object[] )
   at Microsoft.AspNetCore.Mvc.Infrastructure.ActionMethodExecutor.SyncActionResultExecutor.Execute(IActionResultTypeMapper mapper, ObjectMethodExecutor executor, Object controller, Object[] arguments)
   at Microsoft.AspNetCore.Mvc.Infrastructure.ControllerActionInvoker.InvokeActionMethodAsync()
   at Microsoft.AspNetCore.Mvc.Infrastructure.ControllerActionInvoker.Next(State& next, Scope& scope, Object& state, Boolean& isCompleted)
   at Microsoft.AspNetCore.Mvc.Infrastructure.ControllerActionInvoker.InvokeNextActionFilterAsync()
--- End of stack trace from previous location ---
   at Microsoft.AspNetCore.Mvc.Infrastructure.ControllerActionInvoker.Rethrow(ActionExecutedContextSealed context)
   at Microsoft.AspNetCore.Mvc.Infrastructure.ControllerActionInvoker.Next(State& next, Scope& scope, Object& state, Boolean& isCompleted)
   at Microsoft.AspNetCore.Mvc.Infrastructure.ControllerActionInvoker.InvokeInnerFilterAsync()
--- End of stack trace from previous location ---
   at Microsoft.AspNetCore.Mvc.Infrastructure.ResourceInvoker.<InvokeFilterPipelineAsync>g__Awaited|19_0(ResourceInvoker invoker, Task lastTask, State next, Scope scope, Object state, Boolean isCompleted)
   at Microsoft.AspNetCore.Mvc.Infrastructure.ResourceInvoker.<InvokeAsync>g__Awaited|17_0(ResourceInvoker invoker, Task task, IDisposable scope)
   at Microsoft.AspNetCore.Routing.EndpointMiddleware.<Invoke>g__AwaitRequestTask|6_0(Endpoint endpoint, Task requestTask, ILogger logger)
   at Microsoft.AspNetCore.Authorization.AuthorizationMiddleware.Invoke(HttpContext context)
   at Microsoft.AspNetCore.Authorization.AuthorizationMiddleware.Invoke(HttpContext context)
   at Swashbuckle.AspNetCore.SwaggerUI.SwaggerUIMiddleware.Invoke(HttpContext httpContext)
   at Swashbuckle.AspNetCore.Swagger.SwaggerMiddleware.Invoke(HttpContext httpContext, ISwaggerProvider swaggerProvider)
   at Microsoft.AspNetCore.Authentication.AuthenticationMiddleware.Invoke(HttpContext context)
   at RestaurantAPI.Middleware.RequestTimeMiddleware.InvokeAsync(HttpContext context, RequestDelegate next) in C:\Users\User\Desktop\Kodowanie\053_RestaurantAPI\RestaurantAPI\RestaurantAPI\Middleware\RequestTimeMiddleware.cs:line 21
   at Microsoft.AspNetCore.Builder.UseMiddlewareExtensions.<>c__DisplayClass6_1.<<UseMiddlewareInterface>b__1>d.MoveNext()
--- End of stack trace from previous location ---
   at RestaurantAPI.Middleware.ErrorHandlingMiddleware.InvokeAsync(HttpContext context, RequestDelegate next) in C:\Users\User\Desktop\Kodowanie\053_RestaurantAPI\RestaurantAPI\RestaurantAPI\Middleware\ErrorHandlingMiddleware.cs:line 22
2022-12-29 20:59:21.4169||ERROR|RestaurantAPI.Middleware.ErrorHandlingMiddleware|Nullable object must have a value. System.InvalidOperationException: Nullable object must have a value.
   at System.Nullable`1.get_Value()
   at RestaurantAPI.Services.AccountService.GenerateJwt(LoginDto dto) in C:\Users\User\Desktop\Kodowanie\053_RestaurantAPI\RestaurantAPI\RestaurantAPI\Services\AccountService.cs:line 52
   at RestaurantAPI.Controllers.AccountController.Login(LoginDto dto) in C:\Users\User\Desktop\Kodowanie\053_RestaurantAPI\RestaurantAPI\RestaurantAPI\Controllers\AccountController.cs:line 29
   at lambda_method16(Closure , Object , Object[] )
   at Microsoft.AspNetCore.Mvc.Infrastructure.ActionMethodExecutor.SyncActionResultExecutor.Execute(IActionResultTypeMapper mapper, ObjectMethodExecutor executor, Object controller, Object[] arguments)
   at Microsoft.AspNetCore.Mvc.Infrastructure.ControllerActionInvoker.InvokeActionMethodAsync()
   at Microsoft.AspNetCore.Mvc.Infrastructure.ControllerActionInvoker.Next(State& next, Scope& scope, Object& state, Boolean& isCompleted)
   at Microsoft.AspNetCore.Mvc.Infrastructure.ControllerActionInvoker.InvokeNextActionFilterAsync()
--- End of stack trace from previous location ---
   at Microsoft.AspNetCore.Mvc.Infrastructure.ControllerActionInvoker.Rethrow(ActionExecutedContextSealed context)
   at Microsoft.AspNetCore.Mvc.Infrastructure.ControllerActionInvoker.Next(State& next, Scope& scope, Object& state, Boolean& isCompleted)
   at Microsoft.AspNetCore.Mvc.Infrastructure.ControllerActionInvoker.InvokeInnerFilterAsync()
--- End of stack trace from previous location ---
   at Microsoft.AspNetCore.Mvc.Infrastructure.ResourceInvoker.<InvokeFilterPipelineAsync>g__Awaited|19_0(ResourceInvoker invoker, Task lastTask, State next, Scope scope, Object state, Boolean isCompleted)
   at Microsoft.AspNetCore.Mvc.Infrastructure.ResourceInvoker.<InvokeAsync>g__Awaited|17_0(ResourceInvoker invoker, Task task, IDisposable scope)
   at Microsoft.AspNetCore.Routing.EndpointMiddleware.<Invoke>g__AwaitRequestTask|6_0(Endpoint endpoint, Task requestTask, ILogger logger)
   at Microsoft.AspNetCore.Authorization.AuthorizationMiddleware.Invoke(HttpContext context)
   at Microsoft.AspNetCore.Authorization.AuthorizationMiddleware.Invoke(HttpContext context)
   at Swashbuckle.AspNetCore.SwaggerUI.SwaggerUIMiddleware.Invoke(HttpContext httpContext)
   at Swashbuckle.AspNetCore.Swagger.SwaggerMiddleware.Invoke(HttpContext httpContext, ISwaggerProvider swaggerProvider)
   at Microsoft.AspNetCore.Authentication.AuthenticationMiddleware.Invoke(HttpContext context)
   at RestaurantAPI.Middleware.RequestTimeMiddleware.InvokeAsync(HttpContext context, RequestDelegate next) in C:\Users\User\Desktop\Kodowanie\053_RestaurantAPI\RestaurantAPI\RestaurantAPI\Middleware\RequestTimeMiddleware.cs:line 21
   at Microsoft.AspNetCore.Builder.UseMiddlewareExtensions.<>c__DisplayClass6_1.<<UseMiddlewareInterface>b__1>d.MoveNext()
--- End of stack trace from previous location ---
   at RestaurantAPI.Middleware.ErrorHandlingMiddleware.InvokeAsync(HttpContext context, RequestDelegate next) in C:\Users\User\Desktop\Kodowanie\053_RestaurantAPI\RestaurantAPI\RestaurantAPI\Middleware\ErrorHandlingMiddleware.cs:line 22
2022-12-29 21:09:35.6002||ERROR|RestaurantAPI.Middleware.ErrorHandlingMiddleware|Nullable object must have a value. System.InvalidOperationException: Nullable object must have a value.
   at System.Nullable`1.get_Value()
   at RestaurantAPI.Services.AccountService.GenerateJwt(LoginDto dto) in C:\Users\User\Desktop\Kodowanie\053_RestaurantAPI\RestaurantAPI\RestaurantAPI\Services\AccountService.cs:line 52
   at RestaurantAPI.Controllers.AccountController.Login(LoginDto dto) in C:\Users\User\Desktop\Kodowanie\053_RestaurantAPI\RestaurantAPI\RestaurantAPI\Controllers\AccountController.cs:line 29
   at lambda_method16(Closure , Object , Object[] )
   at Microsoft.AspNetCore.Mvc.Infrastructure.ActionMethodExecutor.SyncActionResultExecutor.Execute(IActionResultTypeMapper mapper, ObjectMethodExecutor executor, Object controller, Object[] arguments)
   at Microsoft.AspNetCore.Mvc.Infrastructure.ControllerActionInvoker.InvokeActionMethodAsync()
   at Microsoft.AspNetCore.Mvc.Infrastructure.ControllerActionInvoker.Next(State& next, Scope& scope, Object& state, Boolean& isCompleted)
   at Microsoft.AspNetCore.Mvc.Infrastructure.ControllerActionInvoker.InvokeNextActionFilterAsync()
--- End of stack trace from previous location ---
   at Microsoft.AspNetCore.Mvc.Infrastructure.ControllerActionInvoker.Rethrow(ActionExecutedContextSealed context)
   at Microsoft.AspNetCore.Mvc.Infrastructure.ControllerActionInvoker.Next(State& next, Scope& scope, Object& state, Boolean& isCompleted)
   at Microsoft.AspNetCore.Mvc.Infrastructure.ControllerActionInvoker.InvokeInnerFilterAsync()
--- End of stack trace from previous location ---
   at Microsoft.AspNetCore.Mvc.Infrastructure.ResourceInvoker.<InvokeFilterPipelineAsync>g__Awaited|19_0(ResourceInvoker invoker, Task lastTask, State next, Scope scope, Object state, Boolean isCompleted)
   at Microsoft.AspNetCore.Mvc.Infrastructure.ResourceInvoker.<InvokeAsync>g__Awaited|17_0(ResourceInvoker invoker, Task task, IDisposable scope)
   at Microsoft.AspNetCore.Routing.EndpointMiddleware.<Invoke>g__AwaitRequestTask|6_0(Endpoint endpoint, Task requestTask, ILogger logger)
   at Microsoft.AspNetCore.Authorization.AuthorizationMiddleware.Invoke(HttpContext context)
   at Microsoft.AspNetCore.Authorization.AuthorizationMiddleware.Invoke(HttpContext context)
   at Swashbuckle.AspNetCore.SwaggerUI.SwaggerUIMiddleware.Invoke(HttpContext httpContext)
   at Swashbuckle.AspNetCore.Swagger.SwaggerMiddleware.Invoke(HttpContext httpContext, ISwaggerProvider swaggerProvider)
   at Microsoft.AspNetCore.Authentication.AuthenticationMiddleware.Invoke(HttpContext context)
   at RestaurantAPI.Middleware.RequestTimeMiddleware.InvokeAsync(HttpContext context, RequestDelegate next) in C:\Users\User\Desktop\Kodowanie\053_RestaurantAPI\RestaurantAPI\RestaurantAPI\Middleware\RequestTimeMiddleware.cs:line 21
   at Microsoft.AspNetCore.Builder.UseMiddlewareExtensions.<>c__DisplayClass6_1.<<UseMiddlewareInterface>b__1>d.MoveNext()
--- End of stack trace from previous location ---
   at RestaurantAPI.Middleware.ErrorHandlingMiddleware.InvokeAsync(HttpContext context, RequestDelegate next) in C:\Users\User\Desktop\Kodowanie\053_RestaurantAPI\RestaurantAPI\RestaurantAPI\Middleware\ErrorHandlingMiddleware.cs:line 22
2022-12-29 21:09:47.8983||INFO|Microsoft.Hosting.Lifetime|Now listening on: https://localhost:5001 
2022-12-29 21:09:47.9153||INFO|Microsoft.Hosting.Lifetime|Now listening on: http://localhost:5000 
2022-12-29 21:09:47.9153||INFO|Microsoft.Hosting.Lifetime|Application started. Press Ctrl+C to shut down. 
2022-12-29 21:09:47.9153||INFO|Microsoft.Hosting.Lifetime|Hosting environment: Development 
2022-12-29 21:09:47.9153||INFO|Microsoft.Hosting.Lifetime|Content root path: C:\Users\User\Desktop\Kodowanie\053_RestaurantAPI\RestaurantAPI\RestaurantAPI 
2022-12-29 21:10:09.9751||ERROR|RestaurantAPI.Middleware.ErrorHandlingMiddleware|Nullable object must have a value. System.InvalidOperationException: Nullable object must have a value.
   at System.Nullable`1.get_Value()
   at RestaurantAPI.Services.AccountService.GenerateJwt(LoginDto dto) in C:\Users\User\Desktop\Kodowanie\053_RestaurantAPI\RestaurantAPI\RestaurantAPI\Services\AccountService.cs:line 52
   at RestaurantAPI.Controllers.AccountController.Login(LoginDto dto) in C:\Users\User\Desktop\Kodowanie\053_RestaurantAPI\RestaurantAPI\RestaurantAPI\Controllers\AccountController.cs:line 29
   at lambda_method16(Closure , Object , Object[] )
   at Microsoft.AspNetCore.Mvc.Infrastructure.ActionMethodExecutor.SyncActionResultExecutor.Execute(IActionResultTypeMapper mapper, ObjectMethodExecutor executor, Object controller, Object[] arguments)
   at Microsoft.AspNetCore.Mvc.Infrastructure.ControllerActionInvoker.InvokeActionMethodAsync()
   at Microsoft.AspNetCore.Mvc.Infrastructure.ControllerActionInvoker.Next(State& next, Scope& scope, Object& state, Boolean& isCompleted)
   at Microsoft.AspNetCore.Mvc.Infrastructure.ControllerActionInvoker.InvokeNextActionFilterAsync()
--- End of stack trace from previous location ---
   at Microsoft.AspNetCore.Mvc.Infrastructure.ControllerActionInvoker.Rethrow(ActionExecutedContextSealed context)
   at Microsoft.AspNetCore.Mvc.Infrastructure.ControllerActionInvoker.Next(State& next, Scope& scope, Object& state, Boolean& isCompleted)
   at Microsoft.AspNetCore.Mvc.Infrastructure.ControllerActionInvoker.InvokeInnerFilterAsync()
--- End of stack trace from previous location ---
   at Microsoft.AspNetCore.Mvc.Infrastructure.ResourceInvoker.<InvokeFilterPipelineAsync>g__Awaited|19_0(ResourceInvoker invoker, Task lastTask, State next, Scope scope, Object state, Boolean isCompleted)
   at Microsoft.AspNetCore.Mvc.Infrastructure.ResourceInvoker.<InvokeAsync>g__Awaited|17_0(ResourceInvoker invoker, Task task, IDisposable scope)
   at Microsoft.AspNetCore.Routing.EndpointMiddleware.<Invoke>g__AwaitRequestTask|6_0(Endpoint endpoint, Task requestTask, ILogger logger)
   at Microsoft.AspNetCore.Authorization.AuthorizationMiddleware.Invoke(HttpContext context)
   at Microsoft.AspNetCore.Authorization.AuthorizationMiddleware.Invoke(HttpContext context)
   at Swashbuckle.AspNetCore.SwaggerUI.SwaggerUIMiddleware.Invoke(HttpContext httpContext)
   at Swashbuckle.AspNetCore.Swagger.SwaggerMiddleware.Invoke(HttpContext httpContext, ISwaggerProvider swaggerProvider)
   at Microsoft.AspNetCore.Authentication.AuthenticationMiddleware.Invoke(HttpContext context)
   at RestaurantAPI.Middleware.RequestTimeMiddleware.InvokeAsync(HttpContext context, RequestDelegate next) in C:\Users\User\Desktop\Kodowanie\053_RestaurantAPI\RestaurantAPI\RestaurantAPI\Middleware\RequestTimeMiddleware.cs:line 21
   at Microsoft.AspNetCore.Builder.UseMiddlewareExtensions.<>c__DisplayClass6_1.<<UseMiddlewareInterface>b__1>d.MoveNext()
--- End of stack trace from previous location ---
   at RestaurantAPI.Middleware.ErrorHandlingMiddleware.InvokeAsync(HttpContext context, RequestDelegate next) in C:\Users\User\Desktop\Kodowanie\053_RestaurantAPI\RestaurantAPI\RestaurantAPI\Middleware\ErrorHandlingMiddleware.cs:line 22
2022-12-29 21:12:50.0966||INFO|Microsoft.Hosting.Lifetime|Now listening on: https://localhost:5001 
2022-12-29 21:12:50.1140||INFO|Microsoft.Hosting.Lifetime|Now listening on: http://localhost:5000 
2022-12-29 21:12:50.1140||INFO|Microsoft.Hosting.Lifetime|Application started. Press Ctrl+C to shut down. 
2022-12-29 21:12:50.1140||INFO|Microsoft.Hosting.Lifetime|Hosting environment: Development 
2022-12-29 21:12:50.1140||INFO|Microsoft.Hosting.Lifetime|Content root path: C:\Users\User\Desktop\Kodowanie\053_RestaurantAPI\RestaurantAPI\RestaurantAPI 
2022-12-29 21:17:29.1511||INFO|Microsoft.Hosting.Lifetime|Now listening on: https://localhost:5001 
2022-12-29 21:17:29.2091||INFO|Microsoft.Hosting.Lifetime|Now listening on: http://localhost:5000 
2022-12-29 21:17:29.2091||INFO|Microsoft.Hosting.Lifetime|Application started. Press Ctrl+C to shut down. 
2022-12-29 21:17:29.2180||INFO|Microsoft.Hosting.Lifetime|Hosting environment: Development 
2022-12-29 21:17:29.2180||INFO|Microsoft.Hosting.Lifetime|Content root path: C:\Users\User\Desktop\Kodowanie\053_RestaurantAPI\RestaurantAPI\RestaurantAPI 
2022-12-29 21:18:25.6353||INFO|Microsoft.Hosting.Lifetime|Now listening on: https://localhost:5001 
2022-12-29 21:18:25.6531||INFO|Microsoft.Hosting.Lifetime|Now listening on: http://localhost:5000 
2022-12-29 21:18:25.6540||INFO|Microsoft.Hosting.Lifetime|Application started. Press Ctrl+C to shut down. 
2022-12-29 21:18:25.6540||INFO|Microsoft.Hosting.Lifetime|Hosting environment: Development 
2022-12-29 21:18:25.6540||INFO|Microsoft.Hosting.Lifetime|Content root path: C:\Users\User\Desktop\Kodowanie\053_RestaurantAPI\RestaurantAPI\RestaurantAPI 
2022-12-29 21:19:06.4287||INFO|Microsoft.Hosting.Lifetime|Now listening on: https://localhost:5001 
2022-12-29 21:19:06.4475||INFO|Microsoft.Hosting.Lifetime|Now listening on: http://localhost:5000 
2022-12-29 21:19:06.4475||INFO|Microsoft.Hosting.Lifetime|Application started. Press Ctrl+C to shut down. 
2022-12-29 21:19:06.4475||INFO|Microsoft.Hosting.Lifetime|Hosting environment: Development 
2022-12-29 21:19:06.4475||INFO|Microsoft.Hosting.Lifetime|Content root path: C:\Users\User\Desktop\Kodowanie\053_RestaurantAPI\RestaurantAPI\RestaurantAPI 
2022-12-29 21:19:21.2963||INFO|Microsoft.Hosting.Lifetime|Now listening on: https://localhost:5001 
2022-12-29 21:19:21.3138||INFO|Microsoft.Hosting.Lifetime|Now listening on: http://localhost:5000 
2022-12-29 21:19:21.3138||INFO|Microsoft.Hosting.Lifetime|Application started. Press Ctrl+C to shut down. 
2022-12-29 21:19:21.3138||INFO|Microsoft.Hosting.Lifetime|Hosting environment: Development 
2022-12-29 21:19:21.3138||INFO|Microsoft.Hosting.Lifetime|Content root path: C:\Users\User\Desktop\Kodowanie\053_RestaurantAPI\RestaurantAPI\RestaurantAPI 
2022-12-29 21:20:40.0262||INFO|Microsoft.Hosting.Lifetime|Now listening on: https://localhost:5001 
2022-12-29 21:20:40.0479||INFO|Microsoft.Hosting.Lifetime|Now listening on: http://localhost:5000 
2022-12-29 21:20:40.0479||INFO|Microsoft.Hosting.Lifetime|Application started. Press Ctrl+C to shut down. 
2022-12-29 21:20:40.0479||INFO|Microsoft.Hosting.Lifetime|Hosting environment: Development 
2022-12-29 21:20:40.0479||INFO|Microsoft.Hosting.Lifetime|Content root path: C:\Users\User\Desktop\Kodowanie\053_RestaurantAPI\RestaurantAPI\RestaurantAPI 
2022-12-29 21:21:49.9495||INFO|Microsoft.Hosting.Lifetime|Now listening on: https://localhost:5001 
2022-12-29 21:21:49.9702||INFO|Microsoft.Hosting.Lifetime|Now listening on: http://localhost:5000 
2022-12-29 21:21:49.9702||INFO|Microsoft.Hosting.Lifetime|Application started. Press Ctrl+C to shut down. 
2022-12-29 21:21:49.9702||INFO|Microsoft.Hosting.Lifetime|Hosting environment: Development 
2022-12-29 21:21:49.9702||INFO|Microsoft.Hosting.Lifetime|Content root path: C:\Users\User\Desktop\Kodowanie\053_RestaurantAPI\RestaurantAPI\RestaurantAPI 
2022-12-29 21:24:45.4257||ERROR|RestaurantAPI.Middleware.ErrorHandlingMiddleware|Nullable object must have a value. System.InvalidOperationException: Nullable object must have a value.
   at System.Nullable`1.get_Value()
   at RestaurantAPI.Services.AccountService.GenerateJwt(LoginDto dto) in C:\Users\User\Desktop\Kodowanie\053_RestaurantAPI\RestaurantAPI\RestaurantAPI\Services\AccountService.cs:line 52
   at RestaurantAPI.Controllers.AccountController.Login(LoginDto dto) in C:\Users\User\Desktop\Kodowanie\053_RestaurantAPI\RestaurantAPI\RestaurantAPI\Controllers\AccountController.cs:line 29
   at lambda_method105(Closure , Object , Object[] )
   at Microsoft.AspNetCore.Mvc.Infrastructure.ActionMethodExecutor.SyncActionResultExecutor.Execute(IActionResultTypeMapper mapper, ObjectMethodExecutor executor, Object controller, Object[] arguments)
   at Microsoft.AspNetCore.Mvc.Infrastructure.ControllerActionInvoker.InvokeActionMethodAsync()
   at Microsoft.AspNetCore.Mvc.Infrastructure.ControllerActionInvoker.Next(State& next, Scope& scope, Object& state, Boolean& isCompleted)
   at Microsoft.AspNetCore.Mvc.Infrastructure.ControllerActionInvoker.InvokeNextActionFilterAsync()
--- End of stack trace from previous location ---
   at Microsoft.AspNetCore.Mvc.Infrastructure.ControllerActionInvoker.Rethrow(ActionExecutedContextSealed context)
   at Microsoft.AspNetCore.Mvc.Infrastructure.ControllerActionInvoker.Next(State& next, Scope& scope, Object& state, Boolean& isCompleted)
   at Microsoft.AspNetCore.Mvc.Infrastructure.ControllerActionInvoker.InvokeInnerFilterAsync()
--- End of stack trace from previous location ---
   at Microsoft.AspNetCore.Mvc.Infrastructure.ResourceInvoker.<InvokeFilterPipelineAsync>g__Awaited|19_0(ResourceInvoker invoker, Task lastTask, State next, Scope scope, Object state, Boolean isCompleted)
   at Microsoft.AspNetCore.Mvc.Infrastructure.ResourceInvoker.<InvokeAsync>g__Awaited|17_0(ResourceInvoker invoker, Task task, IDisposable scope)
   at Microsoft.AspNetCore.Routing.EndpointMiddleware.<Invoke>g__AwaitRequestTask|6_0(Endpoint endpoint, Task requestTask, ILogger logger)
   at Microsoft.AspNetCore.Authorization.AuthorizationMiddleware.Invoke(HttpContext context)
   at Swashbuckle.AspNetCore.SwaggerUI.SwaggerUIMiddleware.Invoke(HttpContext httpContext)
   at Swashbuckle.AspNetCore.Swagger.SwaggerMiddleware.Invoke(HttpContext httpContext, ISwaggerProvider swaggerProvider)
   at Microsoft.AspNetCore.Authentication.AuthenticationMiddleware.Invoke(HttpContext context)
   at RestaurantAPI.Middleware.RequestTimeMiddleware.InvokeAsync(HttpContext context, RequestDelegate next) in C:\Users\User\Desktop\Kodowanie\053_RestaurantAPI\RestaurantAPI\RestaurantAPI\Middleware\RequestTimeMiddleware.cs:line 21
   at Microsoft.AspNetCore.Builder.UseMiddlewareExtensions.<>c__DisplayClass6_1.<<UseMiddlewareInterface>b__1>d.MoveNext()
--- End of stack trace from previous location ---
   at RestaurantAPI.Middleware.ErrorHandlingMiddleware.InvokeAsync(HttpContext context, RequestDelegate next) in C:\Users\User\Desktop\Kodowanie\053_RestaurantAPI\RestaurantAPI\RestaurantAPI\Middleware\ErrorHandlingMiddleware.cs:line 22
2022-12-29 21:25:44.5352||ERROR|RestaurantAPI.Middleware.ErrorHandlingMiddleware|Nullable object must have a value. System.InvalidOperationException: Nullable object must have a value.
   at System.Nullable`1.get_Value()
   at RestaurantAPI.Services.AccountService.GenerateJwt(LoginDto dto) in C:\Users\User\Desktop\Kodowanie\053_RestaurantAPI\RestaurantAPI\RestaurantAPI\Services\AccountService.cs:line 52
   at RestaurantAPI.Controllers.AccountController.Login(LoginDto dto) in C:\Users\User\Desktop\Kodowanie\053_RestaurantAPI\RestaurantAPI\RestaurantAPI\Controllers\AccountController.cs:line 29
   at lambda_method105(Closure , Object , Object[] )
   at Microsoft.AspNetCore.Mvc.Infrastructure.ActionMethodExecutor.SyncActionResultExecutor.Execute(IActionResultTypeMapper mapper, ObjectMethodExecutor executor, Object controller, Object[] arguments)
   at Microsoft.AspNetCore.Mvc.Infrastructure.ControllerActionInvoker.InvokeActionMethodAsync()
   at Microsoft.AspNetCore.Mvc.Infrastructure.ControllerActionInvoker.Next(State& next, Scope& scope, Object& state, Boolean& isCompleted)
   at Microsoft.AspNetCore.Mvc.Infrastructure.ControllerActionInvoker.InvokeNextActionFilterAsync()
--- End of stack trace from previous location ---
   at Microsoft.AspNetCore.Mvc.Infrastructure.ControllerActionInvoker.Rethrow(ActionExecutedContextSealed context)
   at Microsoft.AspNetCore.Mvc.Infrastructure.ControllerActionInvoker.Next(State& next, Scope& scope, Object& state, Boolean& isCompleted)
   at Microsoft.AspNetCore.Mvc.Infrastructure.ControllerActionInvoker.InvokeInnerFilterAsync()
--- End of stack trace from previous location ---
   at Microsoft.AspNetCore.Mvc.Infrastructure.ResourceInvoker.<InvokeFilterPipelineAsync>g__Awaited|19_0(ResourceInvoker invoker, Task lastTask, State next, Scope scope, Object state, Boolean isCompleted)
   at Microsoft.AspNetCore.Mvc.Infrastructure.ResourceInvoker.<InvokeAsync>g__Awaited|17_0(ResourceInvoker invoker, Task task, IDisposable scope)
   at Microsoft.AspNetCore.Routing.EndpointMiddleware.<Invoke>g__AwaitRequestTask|6_0(Endpoint endpoint, Task requestTask, ILogger logger)
   at Microsoft.AspNetCore.Authorization.AuthorizationMiddleware.Invoke(HttpContext context)
   at Swashbuckle.AspNetCore.SwaggerUI.SwaggerUIMiddleware.Invoke(HttpContext httpContext)
   at Swashbuckle.AspNetCore.Swagger.SwaggerMiddleware.Invoke(HttpContext httpContext, ISwaggerProvider swaggerProvider)
   at Microsoft.AspNetCore.Authentication.AuthenticationMiddleware.Invoke(HttpContext context)
   at RestaurantAPI.Middleware.RequestTimeMiddleware.InvokeAsync(HttpContext context, RequestDelegate next) in C:\Users\User\Desktop\Kodowanie\053_RestaurantAPI\RestaurantAPI\RestaurantAPI\Middleware\RequestTimeMiddleware.cs:line 21
   at Microsoft.AspNetCore.Builder.UseMiddlewareExtensions.<>c__DisplayClass6_1.<<UseMiddlewareInterface>b__1>d.MoveNext()
--- End of stack trace from previous location ---
   at RestaurantAPI.Middleware.ErrorHandlingMiddleware.InvokeAsync(HttpContext context, RequestDelegate next) in C:\Users\User\Desktop\Kodowanie\053_RestaurantAPI\RestaurantAPI\RestaurantAPI\Middleware\ErrorHandlingMiddleware.cs:line 22
2022-12-29 21:26:05.1609||ERROR|RestaurantAPI.Middleware.ErrorHandlingMiddleware|Nullable object must have a value. System.InvalidOperationException: Nullable object must have a value.
   at System.Nullable`1.get_Value()
   at RestaurantAPI.Services.AccountService.GenerateJwt(LoginDto dto) in C:\Users\User\Desktop\Kodowanie\053_RestaurantAPI\RestaurantAPI\RestaurantAPI\Services\AccountService.cs:line 52
   at RestaurantAPI.Controllers.AccountController.Login(LoginDto dto) in C:\Users\User\Desktop\Kodowanie\053_RestaurantAPI\RestaurantAPI\RestaurantAPI\Controllers\AccountController.cs:line 29
   at lambda_method105(Closure , Object , Object[] )
   at Microsoft.AspNetCore.Mvc.Infrastructure.ActionMethodExecutor.SyncActionResultExecutor.Execute(IActionResultTypeMapper mapper, ObjectMethodExecutor executor, Object controller, Object[] arguments)
   at Microsoft.AspNetCore.Mvc.Infrastructure.ControllerActionInvoker.InvokeActionMethodAsync()
   at Microsoft.AspNetCore.Mvc.Infrastructure.ControllerActionInvoker.Next(State& next, Scope& scope, Object& state, Boolean& isCompleted)
   at Microsoft.AspNetCore.Mvc.Infrastructure.ControllerActionInvoker.InvokeNextActionFilterAsync()
--- End of stack trace from previous location ---
   at Microsoft.AspNetCore.Mvc.Infrastructure.ControllerActionInvoker.Rethrow(ActionExecutedContextSealed context)
   at Microsoft.AspNetCore.Mvc.Infrastructure.ControllerActionInvoker.Next(State& next, Scope& scope, Object& state, Boolean& isCompleted)
   at Microsoft.AspNetCore.Mvc.Infrastructure.ControllerActionInvoker.InvokeInnerFilterAsync()
--- End of stack trace from previous location ---
   at Microsoft.AspNetCore.Mvc.Infrastructure.ResourceInvoker.<InvokeFilterPipelineAsync>g__Awaited|19_0(ResourceInvoker invoker, Task lastTask, State next, Scope scope, Object state, Boolean isCompleted)
   at Microsoft.AspNetCore.Mvc.Infrastructure.ResourceInvoker.<InvokeAsync>g__Awaited|17_0(ResourceInvoker invoker, Task task, IDisposable scope)
   at Microsoft.AspNetCore.Routing.EndpointMiddleware.<Invoke>g__AwaitRequestTask|6_0(Endpoint endpoint, Task requestTask, ILogger logger)
   at Microsoft.AspNetCore.Authorization.AuthorizationMiddleware.Invoke(HttpContext context)
   at Swashbuckle.AspNetCore.SwaggerUI.SwaggerUIMiddleware.Invoke(HttpContext httpContext)
   at Swashbuckle.AspNetCore.Swagger.SwaggerMiddleware.Invoke(HttpContext httpContext, ISwaggerProvider swaggerProvider)
   at Microsoft.AspNetCore.Authentication.AuthenticationMiddleware.Invoke(HttpContext context)
   at RestaurantAPI.Middleware.RequestTimeMiddleware.InvokeAsync(HttpContext context, RequestDelegate next) in C:\Users\User\Desktop\Kodowanie\053_RestaurantAPI\RestaurantAPI\RestaurantAPI\Middleware\RequestTimeMiddleware.cs:line 21
   at Microsoft.AspNetCore.Builder.UseMiddlewareExtensions.<>c__DisplayClass6_1.<<UseMiddlewareInterface>b__1>d.MoveNext()
--- End of stack trace from previous location ---
   at RestaurantAPI.Middleware.ErrorHandlingMiddleware.InvokeAsync(HttpContext context, RequestDelegate next) in C:\Users\User\Desktop\Kodowanie\053_RestaurantAPI\RestaurantAPI\RestaurantAPI\Middleware\ErrorHandlingMiddleware.cs:line 22
2022-12-29 21:26:20.5735||ERROR|RestaurantAPI.Middleware.ErrorHandlingMiddleware|Nullable object must have a value. System.InvalidOperationException: Nullable object must have a value.
   at System.Nullable`1.get_Value()
   at RestaurantAPI.Services.AccountService.GenerateJwt(LoginDto dto) in C:\Users\User\Desktop\Kodowanie\053_RestaurantAPI\RestaurantAPI\RestaurantAPI\Services\AccountService.cs:line 52
   at RestaurantAPI.Controllers.AccountController.Login(LoginDto dto) in C:\Users\User\Desktop\Kodowanie\053_RestaurantAPI\RestaurantAPI\RestaurantAPI\Controllers\AccountController.cs:line 29
   at lambda_method105(Closure , Object , Object[] )
   at Microsoft.AspNetCore.Mvc.Infrastructure.ActionMethodExecutor.SyncActionResultExecutor.Execute(IActionResultTypeMapper mapper, ObjectMethodExecutor executor, Object controller, Object[] arguments)
   at Microsoft.AspNetCore.Mvc.Infrastructure.ControllerActionInvoker.InvokeActionMethodAsync()
   at Microsoft.AspNetCore.Mvc.Infrastructure.ControllerActionInvoker.Next(State& next, Scope& scope, Object& state, Boolean& isCompleted)
   at Microsoft.AspNetCore.Mvc.Infrastructure.ControllerActionInvoker.InvokeNextActionFilterAsync()
--- End of stack trace from previous location ---
   at Microsoft.AspNetCore.Mvc.Infrastructure.ControllerActionInvoker.Rethrow(ActionExecutedContextSealed context)
   at Microsoft.AspNetCore.Mvc.Infrastructure.ControllerActionInvoker.Next(State& next, Scope& scope, Object& state, Boolean& isCompleted)
   at Microsoft.AspNetCore.Mvc.Infrastructure.ControllerActionInvoker.InvokeInnerFilterAsync()
--- End of stack trace from previous location ---
   at Microsoft.AspNetCore.Mvc.Infrastructure.ResourceInvoker.<InvokeFilterPipelineAsync>g__Awaited|19_0(ResourceInvoker invoker, Task lastTask, State next, Scope scope, Object state, Boolean isCompleted)
   at Microsoft.AspNetCore.Mvc.Infrastructure.ResourceInvoker.<InvokeAsync>g__Awaited|17_0(ResourceInvoker invoker, Task task, IDisposable scope)
   at Microsoft.AspNetCore.Routing.EndpointMiddleware.<Invoke>g__AwaitRequestTask|6_0(Endpoint endpoint, Task requestTask, ILogger logger)
   at Microsoft.AspNetCore.Authorization.AuthorizationMiddleware.Invoke(HttpContext context)
   at Swashbuckle.AspNetCore.SwaggerUI.SwaggerUIMiddleware.Invoke(HttpContext httpContext)
   at Swashbuckle.AspNetCore.Swagger.SwaggerMiddleware.Invoke(HttpContext httpContext, ISwaggerProvider swaggerProvider)
   at Microsoft.AspNetCore.Authentication.AuthenticationMiddleware.Invoke(HttpContext context)
   at RestaurantAPI.Middleware.RequestTimeMiddleware.InvokeAsync(HttpContext context, RequestDelegate next) in C:\Users\User\Desktop\Kodowanie\053_RestaurantAPI\RestaurantAPI\RestaurantAPI\Middleware\RequestTimeMiddleware.cs:line 21
   at Microsoft.AspNetCore.Builder.UseMiddlewareExtensions.<>c__DisplayClass6_1.<<UseMiddlewareInterface>b__1>d.MoveNext()
--- End of stack trace from previous location ---
   at RestaurantAPI.Middleware.ErrorHandlingMiddleware.InvokeAsync(HttpContext context, RequestDelegate next) in C:\Users\User\Desktop\Kodowanie\053_RestaurantAPI\RestaurantAPI\RestaurantAPI\Middleware\ErrorHandlingMiddleware.cs:line 22
2022-12-29 21:26:27.5781||ERROR|RestaurantAPI.Middleware.ErrorHandlingMiddleware|Nullable object must have a value. System.InvalidOperationException: Nullable object must have a value.
   at System.Nullable`1.get_Value()
   at RestaurantAPI.Services.AccountService.GenerateJwt(LoginDto dto) in C:\Users\User\Desktop\Kodowanie\053_RestaurantAPI\RestaurantAPI\RestaurantAPI\Services\AccountService.cs:line 52
   at RestaurantAPI.Controllers.AccountController.Login(LoginDto dto) in C:\Users\User\Desktop\Kodowanie\053_RestaurantAPI\RestaurantAPI\RestaurantAPI\Controllers\AccountController.cs:line 29
   at lambda_method105(Closure , Object , Object[] )
   at Microsoft.AspNetCore.Mvc.Infrastructure.ActionMethodExecutor.SyncActionResultExecutor.Execute(IActionResultTypeMapper mapper, ObjectMethodExecutor executor, Object controller, Object[] arguments)
   at Microsoft.AspNetCore.Mvc.Infrastructure.ControllerActionInvoker.InvokeActionMethodAsync()
   at Microsoft.AspNetCore.Mvc.Infrastructure.ControllerActionInvoker.Next(State& next, Scope& scope, Object& state, Boolean& isCompleted)
   at Microsoft.AspNetCore.Mvc.Infrastructure.ControllerActionInvoker.InvokeNextActionFilterAsync()
--- End of stack trace from previous location ---
   at Microsoft.AspNetCore.Mvc.Infrastructure.ControllerActionInvoker.Rethrow(ActionExecutedContextSealed context)
   at Microsoft.AspNetCore.Mvc.Infrastructure.ControllerActionInvoker.Next(State& next, Scope& scope, Object& state, Boolean& isCompleted)
   at Microsoft.AspNetCore.Mvc.Infrastructure.ControllerActionInvoker.InvokeInnerFilterAsync()
--- End of stack trace from previous location ---
   at Microsoft.AspNetCore.Mvc.Infrastructure.ResourceInvoker.<InvokeFilterPipelineAsync>g__Awaited|19_0(ResourceInvoker invoker, Task lastTask, State next, Scope scope, Object state, Boolean isCompleted)
   at Microsoft.AspNetCore.Mvc.Infrastructure.ResourceInvoker.<InvokeAsync>g__Awaited|17_0(ResourceInvoker invoker, Task task, IDisposable scope)
   at Microsoft.AspNetCore.Routing.EndpointMiddleware.<Invoke>g__AwaitRequestTask|6_0(Endpoint endpoint, Task requestTask, ILogger logger)
   at Microsoft.AspNetCore.Authorization.AuthorizationMiddleware.Invoke(HttpContext context)
   at Swashbuckle.AspNetCore.SwaggerUI.SwaggerUIMiddleware.Invoke(HttpContext httpContext)
   at Swashbuckle.AspNetCore.Swagger.SwaggerMiddleware.Invoke(HttpContext httpContext, ISwaggerProvider swaggerProvider)
   at Microsoft.AspNetCore.Authentication.AuthenticationMiddleware.Invoke(HttpContext context)
   at RestaurantAPI.Middleware.RequestTimeMiddleware.InvokeAsync(HttpContext context, RequestDelegate next) in C:\Users\User\Desktop\Kodowanie\053_RestaurantAPI\RestaurantAPI\RestaurantAPI\Middleware\RequestTimeMiddleware.cs:line 21
   at Microsoft.AspNetCore.Builder.UseMiddlewareExtensions.<>c__DisplayClass6_1.<<UseMiddlewareInterface>b__1>d.MoveNext()
--- End of stack trace from previous location ---
   at RestaurantAPI.Middleware.ErrorHandlingMiddleware.InvokeAsync(HttpContext context, RequestDelegate next) in C:\Users\User\Desktop\Kodowanie\053_RestaurantAPI\RestaurantAPI\RestaurantAPI\Middleware\ErrorHandlingMiddleware.cs:line 22
2022-12-29 21:26:38.0556||ERROR|RestaurantAPI.Middleware.ErrorHandlingMiddleware|Nullable object must have a value. System.InvalidOperationException: Nullable object must have a value.
   at System.Nullable`1.get_Value()
   at RestaurantAPI.Services.AccountService.GenerateJwt(LoginDto dto) in C:\Users\User\Desktop\Kodowanie\053_RestaurantAPI\RestaurantAPI\RestaurantAPI\Services\AccountService.cs:line 52
   at RestaurantAPI.Controllers.AccountController.Login(LoginDto dto) in C:\Users\User\Desktop\Kodowanie\053_RestaurantAPI\RestaurantAPI\RestaurantAPI\Controllers\AccountController.cs:line 29
   at lambda_method105(Closure , Object , Object[] )
   at Microsoft.AspNetCore.Mvc.Infrastructure.ActionMethodExecutor.SyncActionResultExecutor.Execute(IActionResultTypeMapper mapper, ObjectMethodExecutor executor, Object controller, Object[] arguments)
   at Microsoft.AspNetCore.Mvc.Infrastructure.ControllerActionInvoker.InvokeActionMethodAsync()
   at Microsoft.AspNetCore.Mvc.Infrastructure.ControllerActionInvoker.Next(State& next, Scope& scope, Object& state, Boolean& isCompleted)
   at Microsoft.AspNetCore.Mvc.Infrastructure.ControllerActionInvoker.InvokeNextActionFilterAsync()
--- End of stack trace from previous location ---
   at Microsoft.AspNetCore.Mvc.Infrastructure.ControllerActionInvoker.Rethrow(ActionExecutedContextSealed context)
   at Microsoft.AspNetCore.Mvc.Infrastructure.ControllerActionInvoker.Next(State& next, Scope& scope, Object& state, Boolean& isCompleted)
   at Microsoft.AspNetCore.Mvc.Infrastructure.ControllerActionInvoker.InvokeInnerFilterAsync()
--- End of stack trace from previous location ---
   at Microsoft.AspNetCore.Mvc.Infrastructure.ResourceInvoker.<InvokeFilterPipelineAsync>g__Awaited|19_0(ResourceInvoker invoker, Task lastTask, State next, Scope scope, Object state, Boolean isCompleted)
   at Microsoft.AspNetCore.Mvc.Infrastructure.ResourceInvoker.<InvokeAsync>g__Awaited|17_0(ResourceInvoker invoker, Task task, IDisposable scope)
   at Microsoft.AspNetCore.Routing.EndpointMiddleware.<Invoke>g__AwaitRequestTask|6_0(Endpoint endpoint, Task requestTask, ILogger logger)
   at Microsoft.AspNetCore.Authorization.AuthorizationMiddleware.Invoke(HttpContext context)
   at Swashbuckle.AspNetCore.SwaggerUI.SwaggerUIMiddleware.Invoke(HttpContext httpContext)
   at Swashbuckle.AspNetCore.Swagger.SwaggerMiddleware.Invoke(HttpContext httpContext, ISwaggerProvider swaggerProvider)
   at Microsoft.AspNetCore.Authentication.AuthenticationMiddleware.Invoke(HttpContext context)
   at RestaurantAPI.Middleware.RequestTimeMiddleware.InvokeAsync(HttpContext context, RequestDelegate next) in C:\Users\User\Desktop\Kodowanie\053_RestaurantAPI\RestaurantAPI\RestaurantAPI\Middleware\RequestTimeMiddleware.cs:line 21
   at Microsoft.AspNetCore.Builder.UseMiddlewareExtensions.<>c__DisplayClass6_1.<<UseMiddlewareInterface>b__1>d.MoveNext()
--- End of stack trace from previous location ---
   at RestaurantAPI.Middleware.ErrorHandlingMiddleware.InvokeAsync(HttpContext context, RequestDelegate next) in C:\Users\User\Desktop\Kodowanie\053_RestaurantAPI\RestaurantAPI\RestaurantAPI\Middleware\ErrorHandlingMiddleware.cs:line 22
2022-12-29 21:53:26.5743||ERROR|RestaurantAPI.Middleware.ErrorHandlingMiddleware|Nullable object must have a value. System.InvalidOperationException: Nullable object must have a value.
   at System.Nullable`1.get_Value()
   at RestaurantAPI.Services.AccountService.GenerateJwt(LoginDto dto) in C:\Users\User\Desktop\Kodowanie\053_RestaurantAPI\RestaurantAPI\RestaurantAPI\Services\AccountService.cs:line 52
   at RestaurantAPI.Controllers.AccountController.Login(LoginDto dto) in C:\Users\User\Desktop\Kodowanie\053_RestaurantAPI\RestaurantAPI\RestaurantAPI\Controllers\AccountController.cs:line 29
   at lambda_method105(Closure , Object , Object[] )
   at Microsoft.AspNetCore.Mvc.Infrastructure.ActionMethodExecutor.SyncActionResultExecutor.Execute(IActionResultTypeMapper mapper, ObjectMethodExecutor executor, Object controller, Object[] arguments)
   at Microsoft.AspNetCore.Mvc.Infrastructure.ControllerActionInvoker.InvokeActionMethodAsync()
   at Microsoft.AspNetCore.Mvc.Infrastructure.ControllerActionInvoker.Next(State& next, Scope& scope, Object& state, Boolean& isCompleted)
   at Microsoft.AspNetCore.Mvc.Infrastructure.ControllerActionInvoker.InvokeNextActionFilterAsync()
--- End of stack trace from previous location ---
   at Microsoft.AspNetCore.Mvc.Infrastructure.ControllerActionInvoker.Rethrow(ActionExecutedContextSealed context)
   at Microsoft.AspNetCore.Mvc.Infrastructure.ControllerActionInvoker.Next(State& next, Scope& scope, Object& state, Boolean& isCompleted)
   at Microsoft.AspNetCore.Mvc.Infrastructure.ControllerActionInvoker.InvokeInnerFilterAsync()
--- End of stack trace from previous location ---
   at Microsoft.AspNetCore.Mvc.Infrastructure.ResourceInvoker.<InvokeFilterPipelineAsync>g__Awaited|19_0(ResourceInvoker invoker, Task lastTask, State next, Scope scope, Object state, Boolean isCompleted)
   at Microsoft.AspNetCore.Mvc.Infrastructure.ResourceInvoker.<InvokeAsync>g__Awaited|17_0(ResourceInvoker invoker, Task task, IDisposable scope)
   at Microsoft.AspNetCore.Routing.EndpointMiddleware.<Invoke>g__AwaitRequestTask|6_0(Endpoint endpoint, Task requestTask, ILogger logger)
   at Microsoft.AspNetCore.Authorization.AuthorizationMiddleware.Invoke(HttpContext context)
   at Swashbuckle.AspNetCore.SwaggerUI.SwaggerUIMiddleware.Invoke(HttpContext httpContext)
   at Swashbuckle.AspNetCore.Swagger.SwaggerMiddleware.Invoke(HttpContext httpContext, ISwaggerProvider swaggerProvider)
   at Microsoft.AspNetCore.Authentication.AuthenticationMiddleware.Invoke(HttpContext context)
   at RestaurantAPI.Middleware.RequestTimeMiddleware.InvokeAsync(HttpContext context, RequestDelegate next) in C:\Users\User\Desktop\Kodowanie\053_RestaurantAPI\RestaurantAPI\RestaurantAPI\Middleware\RequestTimeMiddleware.cs:line 21
   at Microsoft.AspNetCore.Builder.UseMiddlewareExtensions.<>c__DisplayClass6_1.<<UseMiddlewareInterface>b__1>d.MoveNext()
--- End of stack trace from previous location ---
   at RestaurantAPI.Middleware.ErrorHandlingMiddleware.InvokeAsync(HttpContext context, RequestDelegate next) in C:\Users\User\Desktop\Kodowanie\053_RestaurantAPI\RestaurantAPI\RestaurantAPI\Middleware\ErrorHandlingMiddleware.cs:line 22
2022-12-29 21:53:49.1204||INFO|Microsoft.Hosting.Lifetime|Now listening on: https://localhost:5001 
2022-12-29 21:53:49.1832||INFO|Microsoft.Hosting.Lifetime|Now listening on: http://localhost:5000 
2022-12-29 21:53:49.1883||INFO|Microsoft.Hosting.Lifetime|Application started. Press Ctrl+C to shut down. 
2022-12-29 21:53:49.1883||INFO|Microsoft.Hosting.Lifetime|Hosting environment: Development 
2022-12-29 21:53:49.1883||INFO|Microsoft.Hosting.Lifetime|Content root path: C:\Users\User\Desktop\Kodowanie\053_RestaurantAPI\RestaurantAPI\RestaurantAPI 
2022-12-29 21:56:12.6906||INFO|Microsoft.Hosting.Lifetime|Now listening on: https://localhost:5001 
2022-12-29 21:56:12.7335||INFO|Microsoft.Hosting.Lifetime|Now listening on: http://localhost:5000 
2022-12-29 21:56:12.7335||INFO|Microsoft.Hosting.Lifetime|Application started. Press Ctrl+C to shut down. 
2022-12-29 21:56:12.7335||INFO|Microsoft.Hosting.Lifetime|Hosting environment: Development 
2022-12-29 21:56:12.7335||INFO|Microsoft.Hosting.Lifetime|Content root path: C:\Users\User\Desktop\Kodowanie\053_RestaurantAPI\RestaurantAPI\RestaurantAPI 
2022-12-29 22:09:10.0406||ERROR|RestaurantAPI.Middleware.ErrorHandlingMiddleware|Nullable object must have a value. System.InvalidOperationException: Nullable object must have a value.
   at System.Nullable`1.get_Value()
   at RestaurantAPI.Services.AccountService.GenerateJwt(LoginDto dto) in C:\Users\User\Desktop\Kodowanie\053_RestaurantAPI\RestaurantAPI\RestaurantAPI\Services\AccountService.cs:line 52
   at RestaurantAPI.Controllers.AccountController.Login(LoginDto dto) in C:\Users\User\Desktop\Kodowanie\053_RestaurantAPI\RestaurantAPI\RestaurantAPI\Controllers\AccountController.cs:line 29
   at lambda_method106(Closure , Object , Object[] )
   at Microsoft.AspNetCore.Mvc.Infrastructure.ActionMethodExecutor.SyncActionResultExecutor.Execute(IActionResultTypeMapper mapper, ObjectMethodExecutor executor, Object controller, Object[] arguments)
   at Microsoft.AspNetCore.Mvc.Infrastructure.ControllerActionInvoker.InvokeActionMethodAsync()
   at Microsoft.AspNetCore.Mvc.Infrastructure.ControllerActionInvoker.Next(State& next, Scope& scope, Object& state, Boolean& isCompleted)
   at Microsoft.AspNetCore.Mvc.Infrastructure.ControllerActionInvoker.InvokeNextActionFilterAsync()
--- End of stack trace from previous location ---
   at Microsoft.AspNetCore.Mvc.Infrastructure.ControllerActionInvoker.Rethrow(ActionExecutedContextSealed context)
   at Microsoft.AspNetCore.Mvc.Infrastructure.ControllerActionInvoker.Next(State& next, Scope& scope, Object& state, Boolean& isCompleted)
   at Microsoft.AspNetCore.Mvc.Infrastructure.ControllerActionInvoker.InvokeInnerFilterAsync()
--- End of stack trace from previous location ---
   at Microsoft.AspNetCore.Mvc.Infrastructure.ResourceInvoker.<InvokeFilterPipelineAsync>g__Awaited|19_0(ResourceInvoker invoker, Task lastTask, State next, Scope scope, Object state, Boolean isCompleted)
   at Microsoft.AspNetCore.Mvc.Infrastructure.ResourceInvoker.<InvokeAsync>g__Awaited|17_0(ResourceInvoker invoker, Task task, IDisposable scope)
   at Microsoft.AspNetCore.Routing.EndpointMiddleware.<Invoke>g__AwaitRequestTask|6_0(Endpoint endpoint, Task requestTask, ILogger logger)
   at Microsoft.AspNetCore.Authorization.AuthorizationMiddleware.Invoke(HttpContext context)
   at Swashbuckle.AspNetCore.SwaggerUI.SwaggerUIMiddleware.Invoke(HttpContext httpContext)
   at Swashbuckle.AspNetCore.Swagger.SwaggerMiddleware.Invoke(HttpContext httpContext, ISwaggerProvider swaggerProvider)
   at Microsoft.AspNetCore.Authentication.AuthenticationMiddleware.Invoke(HttpContext context)
   at RestaurantAPI.Middleware.RequestTimeMiddleware.InvokeAsync(HttpContext context, RequestDelegate next) in C:\Users\User\Desktop\Kodowanie\053_RestaurantAPI\RestaurantAPI\RestaurantAPI\Middleware\RequestTimeMiddleware.cs:line 21
   at Microsoft.AspNetCore.Builder.UseMiddlewareExtensions.<>c__DisplayClass6_1.<<UseMiddlewareInterface>b__1>d.MoveNext()
--- End of stack trace from previous location ---
   at RestaurantAPI.Middleware.ErrorHandlingMiddleware.InvokeAsync(HttpContext context, RequestDelegate next) in C:\Users\User\Desktop\Kodowanie\053_RestaurantAPI\RestaurantAPI\RestaurantAPI\Middleware\ErrorHandlingMiddleware.cs:line 22
2022-12-29 22:09:50.6700||ERROR|RestaurantAPI.Middleware.ErrorHandlingMiddleware|Nullable object must have a value. System.InvalidOperationException: Nullable object must have a value.
   at System.Nullable`1.get_Value()
   at RestaurantAPI.Services.AccountService.GenerateJwt(LoginDto dto) in C:\Users\User\Desktop\Kodowanie\053_RestaurantAPI\RestaurantAPI\RestaurantAPI\Services\AccountService.cs:line 52
   at RestaurantAPI.Controllers.AccountController.Login(LoginDto dto) in C:\Users\User\Desktop\Kodowanie\053_RestaurantAPI\RestaurantAPI\RestaurantAPI\Controllers\AccountController.cs:line 29
   at lambda_method106(Closure , Object , Object[] )
   at Microsoft.AspNetCore.Mvc.Infrastructure.ActionMethodExecutor.SyncActionResultExecutor.Execute(IActionResultTypeMapper mapper, ObjectMethodExecutor executor, Object controller, Object[] arguments)
   at Microsoft.AspNetCore.Mvc.Infrastructure.ControllerActionInvoker.InvokeActionMethodAsync()
   at Microsoft.AspNetCore.Mvc.Infrastructure.ControllerActionInvoker.Next(State& next, Scope& scope, Object& state, Boolean& isCompleted)
   at Microsoft.AspNetCore.Mvc.Infrastructure.ControllerActionInvoker.InvokeNextActionFilterAsync()
--- End of stack trace from previous location ---
   at Microsoft.AspNetCore.Mvc.Infrastructure.ControllerActionInvoker.Rethrow(ActionExecutedContextSealed context)
   at Microsoft.AspNetCore.Mvc.Infrastructure.ControllerActionInvoker.Next(State& next, Scope& scope, Object& state, Boolean& isCompleted)
   at Microsoft.AspNetCore.Mvc.Infrastructure.ControllerActionInvoker.InvokeInnerFilterAsync()
--- End of stack trace from previous location ---
   at Microsoft.AspNetCore.Mvc.Infrastructure.ResourceInvoker.<InvokeFilterPipelineAsync>g__Awaited|19_0(ResourceInvoker invoker, Task lastTask, State next, Scope scope, Object state, Boolean isCompleted)
   at Microsoft.AspNetCore.Mvc.Infrastructure.ResourceInvoker.<InvokeAsync>g__Awaited|17_0(ResourceInvoker invoker, Task task, IDisposable scope)
   at Microsoft.AspNetCore.Routing.EndpointMiddleware.<Invoke>g__AwaitRequestTask|6_0(Endpoint endpoint, Task requestTask, ILogger logger)
   at Microsoft.AspNetCore.Authorization.AuthorizationMiddleware.Invoke(HttpContext context)
   at Swashbuckle.AspNetCore.SwaggerUI.SwaggerUIMiddleware.Invoke(HttpContext httpContext)
   at Swashbuckle.AspNetCore.Swagger.SwaggerMiddleware.Invoke(HttpContext httpContext, ISwaggerProvider swaggerProvider)
   at Microsoft.AspNetCore.Authentication.AuthenticationMiddleware.Invoke(HttpContext context)
   at RestaurantAPI.Middleware.RequestTimeMiddleware.InvokeAsync(HttpContext context, RequestDelegate next) in C:\Users\User\Desktop\Kodowanie\053_RestaurantAPI\RestaurantAPI\RestaurantAPI\Middleware\RequestTimeMiddleware.cs:line 21
   at Microsoft.AspNetCore.Builder.UseMiddlewareExtensions.<>c__DisplayClass6_1.<<UseMiddlewareInterface>b__1>d.MoveNext()
--- End of stack trace from previous location ---
   at RestaurantAPI.Middleware.ErrorHandlingMiddleware.InvokeAsync(HttpContext context, RequestDelegate next) in C:\Users\User\Desktop\Kodowanie\053_RestaurantAPI\RestaurantAPI\RestaurantAPI\Middleware\ErrorHandlingMiddleware.cs:line 22
2022-12-29 22:23:34.9999||INFO|Microsoft.Hosting.Lifetime|Now listening on: https://localhost:5001 
2022-12-29 22:23:35.0423||INFO|Microsoft.Hosting.Lifetime|Now listening on: http://localhost:5000 
2022-12-29 22:23:35.0423||INFO|Microsoft.Hosting.Lifetime|Application started. Press Ctrl+C to shut down. 
2022-12-29 22:23:35.0453||INFO|Microsoft.Hosting.Lifetime|Hosting environment: Development 
2022-12-29 22:23:35.0453||INFO|Microsoft.Hosting.Lifetime|Content root path: C:\Users\User\Desktop\Kodowanie\053_RestaurantAPI\RestaurantAPI\RestaurantAPI 
2022-12-29 22:24:49.3287||INFO|Microsoft.Hosting.Lifetime|Now listening on: https://localhost:5001 
2022-12-29 22:24:49.3715||INFO|Microsoft.Hosting.Lifetime|Now listening on: http://localhost:5000 
2022-12-29 22:24:49.3742||INFO|Microsoft.Hosting.Lifetime|Application started. Press Ctrl+C to shut down. 
2022-12-29 22:24:49.3742||INFO|Microsoft.Hosting.Lifetime|Hosting environment: Development 
2022-12-29 22:24:49.3742||INFO|Microsoft.Hosting.Lifetime|Content root path: C:\Users\User\Desktop\Kodowanie\053_RestaurantAPI\RestaurantAPI\RestaurantAPI 
2022-12-29 22:25:56.5681||INFO|Microsoft.Hosting.Lifetime|Now listening on: https://localhost:5001 
2022-12-29 22:25:56.6290||INFO|Microsoft.Hosting.Lifetime|Now listening on: http://localhost:5000 
2022-12-29 22:25:56.6290||INFO|Microsoft.Hosting.Lifetime|Application started. Press Ctrl+C to shut down. 
2022-12-29 22:25:56.6290||INFO|Microsoft.Hosting.Lifetime|Hosting environment: Development 
2022-12-29 22:25:56.6290||INFO|Microsoft.Hosting.Lifetime|Content root path: C:\Users\User\Desktop\Kodowanie\053_RestaurantAPI\RestaurantAPI\RestaurantAPI 
2022-12-29 22:37:38.1753||INFO|Microsoft.Hosting.Lifetime|Now listening on: https://localhost:5001 
2022-12-29 22:37:38.2220||INFO|Microsoft.Hosting.Lifetime|Now listening on: http://localhost:5000 
2022-12-29 22:37:38.2220||INFO|Microsoft.Hosting.Lifetime|Application started. Press Ctrl+C to shut down. 
2022-12-29 22:37:38.2220||INFO|Microsoft.Hosting.Lifetime|Hosting environment: Development 
2022-12-29 22:37:38.2220||INFO|Microsoft.Hosting.Lifetime|Content root path: C:\Users\User\Desktop\Kodowanie\053_RestaurantAPI\RestaurantAPI\RestaurantAPI 
2022-12-29 22:38:08.3763||INFO|Microsoft.Hosting.Lifetime|Now listening on: https://localhost:5001 
2022-12-29 22:38:08.4232||INFO|Microsoft.Hosting.Lifetime|Now listening on: http://localhost:5000 
2022-12-29 22:38:08.4232||INFO|Microsoft.Hosting.Lifetime|Application started. Press Ctrl+C to shut down. 
2022-12-29 22:38:08.4232||INFO|Microsoft.Hosting.Lifetime|Hosting environment: Development 
2022-12-29 22:38:08.4232||INFO|Microsoft.Hosting.Lifetime|Content root path: C:\Users\User\Desktop\Kodowanie\053_RestaurantAPI\RestaurantAPI\RestaurantAPI 
2022-12-29 22:39:27.4764||INFO|Microsoft.Hosting.Lifetime|Now listening on: https://localhost:5001 
2022-12-29 22:39:27.5169||INFO|Microsoft.Hosting.Lifetime|Now listening on: http://localhost:5000 
2022-12-29 22:39:27.5169||INFO|Microsoft.Hosting.Lifetime|Application started. Press Ctrl+C to shut down. 
2022-12-29 22:39:27.5169||INFO|Microsoft.Hosting.Lifetime|Hosting environment: Development 
2022-12-29 22:39:27.5169||INFO|Microsoft.Hosting.Lifetime|Content root path: C:\Users\User\Desktop\Kodowanie\053_RestaurantAPI\RestaurantAPI\RestaurantAPI 
2022-12-29 22:43:13.5676||INFO|Microsoft.Hosting.Lifetime|Now listening on: https://localhost:5001 
2022-12-29 22:43:13.6151||INFO|Microsoft.Hosting.Lifetime|Now listening on: http://localhost:5000 
2022-12-29 22:43:13.6151||INFO|Microsoft.Hosting.Lifetime|Application started. Press Ctrl+C to shut down. 
2022-12-29 22:43:13.6151||INFO|Microsoft.Hosting.Lifetime|Hosting environment: Development 
2022-12-29 22:43:13.6151||INFO|Microsoft.Hosting.Lifetime|Content root path: C:\Users\User\Desktop\Kodowanie\053_RestaurantAPI\RestaurantAPI\RestaurantAPI 
2022-12-29 22:43:59.0137||INFO|Microsoft.Hosting.Lifetime|Now listening on: https://localhost:5001 
2022-12-29 22:43:59.0643||INFO|Microsoft.Hosting.Lifetime|Now listening on: http://localhost:5000 
2022-12-29 22:43:59.0643||INFO|Microsoft.Hosting.Lifetime|Application started. Press Ctrl+C to shut down. 
2022-12-29 22:43:59.0643||INFO|Microsoft.Hosting.Lifetime|Hosting environment: Development 
2022-12-29 22:43:59.0643||INFO|Microsoft.Hosting.Lifetime|Content root path: C:\Users\User\Desktop\Kodowanie\053_RestaurantAPI\RestaurantAPI\RestaurantAPI 
2022-12-29 22:51:33.1991||INFO|Microsoft.Hosting.Lifetime|Now listening on: https://localhost:5001 
2022-12-29 22:51:33.2429||INFO|Microsoft.Hosting.Lifetime|Now listening on: http://localhost:5000 
2022-12-29 22:51:33.2429||INFO|Microsoft.Hosting.Lifetime|Application started. Press Ctrl+C to shut down. 
2022-12-29 22:51:33.2429||INFO|Microsoft.Hosting.Lifetime|Hosting environment: Development 
2022-12-29 22:51:33.2429||INFO|Microsoft.Hosting.Lifetime|Content root path: C:\Users\User\Desktop\Kodowanie\053_RestaurantAPI\RestaurantAPI\RestaurantAPI 
2022-12-29 22:53:08.9698||INFO|Microsoft.Hosting.Lifetime|Now listening on: https://localhost:5001 
2022-12-29 22:53:09.0146||INFO|Microsoft.Hosting.Lifetime|Now listening on: http://localhost:5000 
2022-12-29 22:53:09.0146||INFO|Microsoft.Hosting.Lifetime|Application started. Press Ctrl+C to shut down. 
2022-12-29 22:53:09.0146||INFO|Microsoft.Hosting.Lifetime|Hosting environment: Development 
2022-12-29 22:53:09.0146||INFO|Microsoft.Hosting.Lifetime|Content root path: C:\Users\User\Desktop\Kodowanie\053_RestaurantAPI\RestaurantAPI\RestaurantAPI 
2022-12-29 22:53:17.1116||INFO|Microsoft.Hosting.Lifetime|Now listening on: https://localhost:5001 
2022-12-29 22:53:17.1587||INFO|Microsoft.Hosting.Lifetime|Now listening on: http://localhost:5000 
2022-12-29 22:53:17.1587||INFO|Microsoft.Hosting.Lifetime|Application started. Press Ctrl+C to shut down. 
2022-12-29 22:53:17.1587||INFO|Microsoft.Hosting.Lifetime|Hosting environment: Development 
2022-12-29 22:53:17.1587||INFO|Microsoft.Hosting.Lifetime|Content root path: C:\Users\User\Desktop\Kodowanie\053_RestaurantAPI\RestaurantAPI\RestaurantAPI 
2022-12-29 22:59:38.9532||INFO|Microsoft.Hosting.Lifetime|Now listening on: https://localhost:5001 
2022-12-29 22:59:38.9972||INFO|Microsoft.Hosting.Lifetime|Now listening on: http://localhost:5000 
2022-12-29 22:59:38.9995||INFO|Microsoft.Hosting.Lifetime|Application started. Press Ctrl+C to shut down. 
2022-12-29 22:59:38.9995||INFO|Microsoft.Hosting.Lifetime|Hosting environment: Development 
2022-12-29 22:59:38.9995||INFO|Microsoft.Hosting.Lifetime|Content root path: C:\Users\User\Desktop\Kodowanie\053_RestaurantAPI\RestaurantAPI\RestaurantAPI 
2022-12-29 23:25:25.1729||INFO|Microsoft.Hosting.Lifetime|Now listening on: https://localhost:5001 
2022-12-29 23:25:25.2152||INFO|Microsoft.Hosting.Lifetime|Now listening on: http://localhost:5000 
2022-12-29 23:25:25.2175||INFO|Microsoft.Hosting.Lifetime|Application started. Press Ctrl+C to shut down. 
2022-12-29 23:25:25.2175||INFO|Microsoft.Hosting.Lifetime|Hosting environment: Development 
2022-12-29 23:25:25.2175||INFO|Microsoft.Hosting.Lifetime|Content root path: C:\Users\User\Desktop\Kodowanie\053_RestaurantAPI\RestaurantAPI\RestaurantAPI 
2022-12-29 23:26:49.3714||INFO|RestaurantAPI.Authorization.MinimumAgeRequirementHandler|User: Jar with date of birth [12.05.2008 00:00:00] 
2022-12-29 23:26:49.3727||INFO|RestaurantAPI.Authorization.MinimumAgeRequirementHandler|Authorization succeded 
2022-12-29 23:27:33.3701||INFO|Microsoft.Hosting.Lifetime|Now listening on: https://localhost:5001 
2022-12-29 23:27:33.4266||INFO|Microsoft.Hosting.Lifetime|Now listening on: http://localhost:5000 
2022-12-29 23:27:33.4266||INFO|Microsoft.Hosting.Lifetime|Application started. Press Ctrl+C to shut down. 
2022-12-29 23:27:33.4367||INFO|Microsoft.Hosting.Lifetime|Hosting environment: Development 
2022-12-29 23:27:33.4367||INFO|Microsoft.Hosting.Lifetime|Content root path: C:\Users\User\Desktop\Kodowanie\053_RestaurantAPI\RestaurantAPI\RestaurantAPI 
2022-12-29 23:29:21.8131||INFO|Microsoft.Hosting.Lifetime|Now listening on: https://localhost:5001 
2022-12-29 23:29:21.8691||INFO|Microsoft.Hosting.Lifetime|Now listening on: http://localhost:5000 
2022-12-29 23:29:21.8691||INFO|Microsoft.Hosting.Lifetime|Application started. Press Ctrl+C to shut down. 
2022-12-29 23:29:21.8691||INFO|Microsoft.Hosting.Lifetime|Hosting environment: Development 
2022-12-29 23:29:21.8691||INFO|Microsoft.Hosting.Lifetime|Content root path: C:\Users\User\Desktop\Kodowanie\053_RestaurantAPI\RestaurantAPI\RestaurantAPI 
2022-12-29 23:29:23.4356||INFO|RestaurantAPI.Authorization.MinimumAgeRequirementHandler|User: Jar with date of birth [12.05.2008 00:00:00] 
2022-12-29 23:29:23.4356||INFO|RestaurantAPI.Authorization.MinimumAgeRequirementHandler|Authorization failed 
2022-12-29 23:30:06.0887||INFO|RestaurantAPI.Authorization.MinimumAgeRequirementHandler|User: Jar with date of birth [12.05.1988 00:00:00] 
2022-12-29 23:30:06.0887||INFO|RestaurantAPI.Authorization.MinimumAgeRequirementHandler|Authorization succeded 
2022-12-29 23:35:16.4942||INFO|Microsoft.Hosting.Lifetime|Now listening on: https://localhost:5001 
2022-12-29 23:35:16.5144||INFO|Microsoft.Hosting.Lifetime|Now listening on: http://localhost:5000 
2022-12-29 23:35:16.5144||INFO|Microsoft.Hosting.Lifetime|Application started. Press Ctrl+C to shut down. 
2022-12-29 23:35:16.5144||INFO|Microsoft.Hosting.Lifetime|Hosting environment: Development 
2022-12-29 23:35:16.5144||INFO|Microsoft.Hosting.Lifetime|Content root path: C:\Users\User\Desktop\Kodowanie\053_RestaurantAPI\RestaurantAPI\RestaurantAPI 
2022-12-29 23:37:33.4202||INFO|Microsoft.Hosting.Lifetime|Now listening on: https://localhost:5001 
2022-12-29 23:37:33.4385||INFO|Microsoft.Hosting.Lifetime|Now listening on: http://localhost:5000 
2022-12-29 23:37:33.4385||INFO|Microsoft.Hosting.Lifetime|Application started. Press Ctrl+C to shut down. 
2022-12-29 23:37:33.4385||INFO|Microsoft.Hosting.Lifetime|Hosting environment: Development 
2022-12-29 23:37:33.4385||INFO|Microsoft.Hosting.Lifetime|Content root path: C:\Users\User\Desktop\Kodowanie\053_RestaurantAPI\RestaurantAPI\RestaurantAPI 
2022-12-29 23:37:43.0449||INFO|Microsoft.Hosting.Lifetime|Now listening on: https://localhost:5001 
2022-12-29 23:37:43.0634||INFO|Microsoft.Hosting.Lifetime|Now listening on: http://localhost:5000 
2022-12-29 23:37:43.0634||INFO|Microsoft.Hosting.Lifetime|Application started. Press Ctrl+C to shut down. 
2022-12-29 23:37:43.0634||INFO|Microsoft.Hosting.Lifetime|Hosting environment: Development 
2022-12-29 23:37:43.0634||INFO|Microsoft.Hosting.Lifetime|Content root path: C:\Users\User\Desktop\Kodowanie\053_RestaurantAPI\RestaurantAPI\RestaurantAPI 
