2022-12-18 15:53:35.6306||INFO|Microsoft.Hosting.Lifetime|Now listening on: https://localhost:5001 
2022-12-18 15:53:35.7274||INFO|Microsoft.Hosting.Lifetime|Now listening on: http://localhost:5000 
2022-12-18 15:53:35.7337||INFO|Microsoft.Hosting.Lifetime|Application started. Press Ctrl+C to shut down. 
2022-12-18 15:53:35.7337||INFO|Microsoft.Hosting.Lifetime|Hosting environment: Development 
2022-12-18 15:53:35.7337||INFO|Microsoft.Hosting.Lifetime|Content root path: C:\Users\User\Desktop\Kodowanie\053_RestaurantAPI\RestaurantAPI\RestaurantAPI 
2022-12-18 15:53:47.2768||WARN|RestaurantAPI.Services.RestaurantService|Restaurant with id: 888 DELETE action invoked 
2022-12-18 15:58:20.1838||INFO|Microsoft.Hosting.Lifetime|Now listening on: https://localhost:5001 
2022-12-18 15:58:20.2457||INFO|Microsoft.Hosting.Lifetime|Now listening on: http://localhost:5000 
2022-12-18 15:58:20.2516||INFO|Microsoft.Hosting.Lifetime|Application started. Press Ctrl+C to shut down. 
2022-12-18 15:58:20.2516||INFO|Microsoft.Hosting.Lifetime|Hosting environment: Development 
2022-12-18 15:58:20.2516||INFO|Microsoft.Hosting.Lifetime|Content root path: C:\Users\User\Desktop\Kodowanie\053_RestaurantAPI\RestaurantAPI\RestaurantAPI 
2022-12-18 15:58:34.9156||INFO|Microsoft.Hosting.Lifetime|Now listening on: https://localhost:5001 
2022-12-18 15:58:34.9837||INFO|Microsoft.Hosting.Lifetime|Now listening on: http://localhost:5000 
2022-12-18 15:58:34.9837||INFO|Microsoft.Hosting.Lifetime|Application started. Press Ctrl+C to shut down. 
2022-12-18 15:58:34.9837||INFO|Microsoft.Hosting.Lifetime|Hosting environment: Development 
2022-12-18 15:58:34.9837||INFO|Microsoft.Hosting.Lifetime|Content root path: C:\Users\User\Desktop\Kodowanie\053_RestaurantAPI\RestaurantAPI\RestaurantAPI 
2022-12-18 15:58:55.7747||INFO|Microsoft.Hosting.Lifetime|Now listening on: https://localhost:5001 
2022-12-18 15:58:55.8323||INFO|Microsoft.Hosting.Lifetime|Now listening on: http://localhost:5000 
2022-12-18 15:58:55.8323||INFO|Microsoft.Hosting.Lifetime|Application started. Press Ctrl+C to shut down. 
2022-12-18 15:58:55.8323||INFO|Microsoft.Hosting.Lifetime|Hosting environment: Development 
2022-12-18 15:58:55.8426||INFO|Microsoft.Hosting.Lifetime|Content root path: C:\Users\User\Desktop\Kodowanie\053_RestaurantAPI\RestaurantAPI\RestaurantAPI 
2022-12-18 15:58:57.1346||ERROR|RestaurantAPI.Services.RestaurantService|Restaurant with id: 888 DELETE action invoked 
2022-12-18 20:06:27.3193||INFO|Microsoft.Hosting.Lifetime|Now listening on: https://localhost:5001 
2022-12-18 20:06:27.3705||INFO|Microsoft.Hosting.Lifetime|Now listening on: http://localhost:5000 
2022-12-18 20:06:27.3752||INFO|Microsoft.Hosting.Lifetime|Application started. Press Ctrl+C to shut down. 
2022-12-18 20:06:27.3752||INFO|Microsoft.Hosting.Lifetime|Hosting environment: Development 
2022-12-18 20:06:27.3752||INFO|Microsoft.Hosting.Lifetime|Content root path: C:\Users\User\Desktop\Kodowanie\053_RestaurantAPI\RestaurantAPI\RestaurantAPI 
2022-12-18 20:06:44.6591||ERROR|RestaurantAPI.Services.RestaurantService|Restaurant with id: 888 DELETE action invoked 
2022-12-18 20:07:23.0825||INFO|Microsoft.Hosting.Lifetime|Now listening on: https://localhost:5001 
2022-12-18 20:07:23.1002||INFO|Microsoft.Hosting.Lifetime|Now listening on: http://localhost:5000 
2022-12-18 20:07:23.1002||INFO|Microsoft.Hosting.Lifetime|Application started. Press Ctrl+C to shut down. 
2022-12-18 20:07:23.1002||INFO|Microsoft.Hosting.Lifetime|Hosting environment: Development 
2022-12-18 20:07:23.1002||INFO|Microsoft.Hosting.Lifetime|Content root path: C:\Users\User\Desktop\Kodowanie\053_RestaurantAPI\RestaurantAPI\RestaurantAPI 
2022-12-18 20:07:31.2090||ERROR|RestaurantAPI.Services.RestaurantService|Restaurant with id: 888 DELETE action invoked 
2022-12-18 20:07:41.4586||ERROR|RestaurantAPI.Middleware.ErrorHandlingMiddleware|Cannot open database "estaurantDb" requested by the login. The login failed.
Login failed for user 'WINDELL-EG5KDM3\User'. Microsoft.Data.SqlClient.SqlException (0x80131904): Cannot open database "estaurantDb" requested by the login. The login failed.
Login failed for user 'WINDELL-EG5KDM3\User'.
   at Microsoft.Data.SqlClient.SqlInternalConnection.OnError(SqlException exception, Boolean breakConnection, Action`1 wrapCloseInAction)
   at Microsoft.Data.SqlClient.TdsParser.ThrowExceptionAndWarning(TdsParserStateObject stateObj, Boolean callerHasConnectionLock, Boolean asyncClose)
   at Microsoft.Data.SqlClient.TdsParser.TryRun(RunBehavior runBehavior, SqlCommand cmdHandler, SqlDataReader dataStream, BulkCopySimpleResultSet bulkCopyHandler, TdsParserStateObject stateObj, Boolean& dataReady)
   at Microsoft.Data.SqlClient.TdsParser.Run(RunBehavior runBehavior, SqlCommand cmdHandler, SqlDataReader dataStream, BulkCopySimpleResultSet bulkCopyHandler, TdsParserStateObject stateObj)
   at Microsoft.Data.SqlClient.SqlInternalConnectionTds.CompleteLogin(Boolean enlistOK)
   at Microsoft.Data.SqlClient.SqlInternalConnectionTds.AttemptOneLogin(ServerInfo serverInfo, String newPassword, SecureString newSecurePassword, Boolean ignoreSniOpenTimeout, TimeoutTimer timeout, Boolean withFailover)
   at Microsoft.Data.SqlClient.SqlInternalConnectionTds.LoginNoFailover(ServerInfo serverInfo, String newPassword, SecureString newSecurePassword, Boolean redirectedUserInstance, SqlConnectionString connectionOptions, SqlCredential credential, TimeoutTimer timeout)
   at Microsoft.Data.SqlClient.SqlInternalConnectionTds.OpenLoginEnlist(TimeoutTimer timeout, SqlConnectionString connectionOptions, SqlCredential credential, String newPassword, SecureString newSecurePassword, Boolean redirectedUserInstance)
   at Microsoft.Data.SqlClient.SqlInternalConnectionTds..ctor(DbConnectionPoolIdentity identity, SqlConnectionString connectionOptions, SqlCredential credential, Object providerInfo, String newPassword, SecureString newSecurePassword, Boolean redirectedUserInstance, SqlConnectionString userConnectionOptions, SessionData reconnectSessionData, Boolean applyTransientFaultHandling, String accessToken, DbConnectionPool pool)
   at Microsoft.Data.SqlClient.SqlConnectionFactory.CreateConnection(DbConnectionOptions options, DbConnectionPoolKey poolKey, Object poolGroupProviderInfo, DbConnectionPool pool, DbConnection owningConnection, DbConnectionOptions userOptions)
   at Microsoft.Data.ProviderBase.DbConnectionFactory.CreatePooledConnection(DbConnectionPool pool, DbConnection owningObject, DbConnectionOptions options, DbConnectionPoolKey poolKey, DbConnectionOptions userOptions)
   at Microsoft.Data.ProviderBase.DbConnectionPool.CreateObject(DbConnection owningObject, DbConnectionOptions userOptions, DbConnectionInternal oldConnection)
   at Microsoft.Data.ProviderBase.DbConnectionPool.UserCreateRequest(DbConnection owningObject, DbConnectionOptions userOptions, DbConnectionInternal oldConnection)
   at Microsoft.Data.ProviderBase.DbConnectionPool.TryGetConnection(DbConnection owningObject, UInt32 waitForMultipleObjectsTimeout, Boolean allowCreate, Boolean onlyOneCheckConnection, DbConnectionOptions userOptions, DbConnectionInternal& connection)
   at Microsoft.Data.ProviderBase.DbConnectionPool.TryGetConnection(DbConnection owningObject, TaskCompletionSource`1 retry, DbConnectionOptions userOptions, DbConnectionInternal& connection)
   at Microsoft.Data.ProviderBase.DbConnectionFactory.TryGetConnection(DbConnection owningConnection, TaskCompletionSource`1 retry, DbConnectionOptions userOptions, DbConnectionInternal oldConnection, DbConnectionInternal& connection)
   at Microsoft.Data.ProviderBase.DbConnectionInternal.TryOpenConnectionInternal(DbConnection outerConnection, DbConnectionFactory connectionFactory, TaskCompletionSource`1 retry, DbConnectionOptions userOptions)
   at Microsoft.Data.ProviderBase.DbConnectionClosed.TryOpenConnection(DbConnection outerConnection, DbConnectionFactory connectionFactory, TaskCompletionSource`1 retry, DbConnectionOptions userOptions)
   at Microsoft.Data.SqlClient.SqlConnection.TryOpen(TaskCompletionSource`1 retry, SqlConnectionOverrides overrides)
   at Microsoft.Data.SqlClient.SqlConnection.Open(SqlConnectionOverrides overrides)
   at Microsoft.Data.SqlClient.SqlConnection.Open()
   at Microsoft.EntityFrameworkCore.SqlServer.Storage.Internal.SqlServerConnection.OpenDbConnection(Boolean errorsExpected)
   at Microsoft.EntityFrameworkCore.Storage.RelationalConnection.OpenInternal(Boolean errorsExpected)
   at Microsoft.EntityFrameworkCore.Storage.RelationalConnection.Open(Boolean errorsExpected)
   at Microsoft.EntityFrameworkCore.Storage.RelationalCommand.ExecuteReader(RelationalCommandParameterObject parameterObject)
   at Microsoft.EntityFrameworkCore.Query.Internal.SingleQueryingEnumerable`1.Enumerator.InitializeReader(DbContext _, Boolean result)
   at Microsoft.EntityFrameworkCore.SqlServer.Storage.Internal.SqlServerExecutionStrategy.Execute[TState,TResult](TState state, Func`3 operation, Func`3 verifySucceeded)
   at Microsoft.EntityFrameworkCore.Query.Internal.SingleQueryingEnumerable`1.Enumerator.MoveNext()
   at System.Linq.Enumerable.SingleOrDefault[TSource](IEnumerable`1 source)
   at Microsoft.EntityFrameworkCore.Query.Internal.QueryCompiler.Execute[TResult](Expression query)
   at Microsoft.EntityFrameworkCore.Query.Internal.EntityQueryProvider.Execute[TResult](Expression expression)
   at System.Linq.Queryable.FirstOrDefault[TSource](IQueryable`1 source, Expression`1 predicate)
   at RestaurantAPI.Services.RestaurantService.Delete(Int32 id) in C:\Users\User\Desktop\Kodowanie\053_RestaurantAPI\RestaurantAPI\RestaurantAPI\Services\RestaurantService.cs:line 56
   at RestaurantAPI.Controllers.RestaurantController.Delete(Int32 id) in C:\Users\User\Desktop\Kodowanie\053_RestaurantAPI\RestaurantAPI\RestaurantAPI\Controllers\RestaurantController.cs:line 46
   at lambda_method7(Closure , Object , Object[] )
   at Microsoft.AspNetCore.Mvc.Infrastructure.ActionMethodExecutor.SyncActionResultExecutor.Execute(IActionResultTypeMapper mapper, ObjectMethodExecutor executor, Object controller, Object[] arguments)
   at Microsoft.AspNetCore.Mvc.Infrastructure.ControllerActionInvoker.InvokeActionMethodAsync()
   at Microsoft.AspNetCore.Mvc.Infrastructure.ControllerActionInvoker.Next(State& next, Scope& scope, Object& state, Boolean& isCompleted)
   at Microsoft.AspNetCore.Mvc.Infrastructure.ControllerActionInvoker.InvokeNextActionFilterAsync()
--- End of stack trace from previous location ---
   at Microsoft.AspNetCore.Mvc.Infrastructure.ControllerActionInvoker.Rethrow(ActionExecutedContextSealed context)
   at Microsoft.AspNetCore.Mvc.Infrastructure.ControllerActionInvoker.Next(State& next, Scope& scope, Object& state, Boolean& isCompleted)
   at Microsoft.AspNetCore.Mvc.Infrastructure.ControllerActionInvoker.InvokeInnerFilterAsync()
--- End of stack trace from previous location ---
   at Microsoft.AspNetCore.Mvc.Infrastructure.ResourceInvoker.<InvokeFilterPipelineAsync>g__Awaited|19_0(ResourceInvoker invoker, Task lastTask, State next, Scope scope, Object state, Boolean isCompleted)
   at Microsoft.AspNetCore.Mvc.Infrastructure.ResourceInvoker.<InvokeAsync>g__Awaited|17_0(ResourceInvoker invoker, Task task, IDisposable scope)
   at Microsoft.AspNetCore.Routing.EndpointMiddleware.<Invoke>g__AwaitRequestTask|6_0(Endpoint endpoint, Task requestTask, ILogger logger)
   at Microsoft.AspNetCore.Authorization.AuthorizationMiddleware.Invoke(HttpContext context)
   at RestaurantAPI.Middleware.ErrorHandlingMiddleware.InvokeAsync(HttpContext context, RequestDelegate next) in C:\Users\User\Desktop\Kodowanie\053_RestaurantAPI\RestaurantAPI\RestaurantAPI\Middleware\ErrorHandlingMiddleware.cs:line 21
ClientConnectionId:456103de-6358-4424-a257-cb8a26812b73
Error Number:4060,State:1,Class:11
2022-12-18 22:00:25.9141||INFO|Microsoft.Hosting.Lifetime|Now listening on: https://localhost:5001 
2022-12-18 22:00:25.9656||INFO|Microsoft.Hosting.Lifetime|Now listening on: http://localhost:5000 
2022-12-18 22:00:25.9708||INFO|Microsoft.Hosting.Lifetime|Application started. Press Ctrl+C to shut down. 
2022-12-18 22:00:25.9708||INFO|Microsoft.Hosting.Lifetime|Hosting environment: Development 
2022-12-18 22:00:25.9708||INFO|Microsoft.Hosting.Lifetime|Content root path: C:\Users\User\Desktop\Kodowanie\053_RestaurantAPI\RestaurantAPI\RestaurantAPI 
2022-12-18 22:02:16.9340||INFO|Microsoft.Hosting.Lifetime|Now listening on: https://localhost:5001 
2022-12-18 22:02:16.9740||INFO|Microsoft.Hosting.Lifetime|Now listening on: http://localhost:5000 
2022-12-18 22:02:16.9740||INFO|Microsoft.Hosting.Lifetime|Application started. Press Ctrl+C to shut down. 
2022-12-18 22:02:16.9740||INFO|Microsoft.Hosting.Lifetime|Hosting environment: Development 
2022-12-18 22:02:16.9740||INFO|Microsoft.Hosting.Lifetime|Content root path: C:\Users\User\Desktop\Kodowanie\053_RestaurantAPI\RestaurantAPI\RestaurantAPI 
2022-12-18 22:04:24.4744||INFO|Microsoft.Hosting.Lifetime|Now listening on: https://localhost:5001 
2022-12-18 22:04:24.5423||INFO|Microsoft.Hosting.Lifetime|Now listening on: http://localhost:5000 
2022-12-18 22:04:24.5479||INFO|Microsoft.Hosting.Lifetime|Application started. Press Ctrl+C to shut down. 
2022-12-18 22:04:24.5479||INFO|Microsoft.Hosting.Lifetime|Hosting environment: Development 
2022-12-18 22:04:24.5479||INFO|Microsoft.Hosting.Lifetime|Content root path: C:\Users\User\Desktop\Kodowanie\053_RestaurantAPI\RestaurantAPI\RestaurantAPI 
2022-12-18 22:05:56.1740||INFO|Microsoft.Hosting.Lifetime|Now listening on: https://localhost:5001 
2022-12-18 22:05:56.2212||INFO|Microsoft.Hosting.Lifetime|Now listening on: http://localhost:5000 
2022-12-18 22:05:56.2212||INFO|Microsoft.Hosting.Lifetime|Application started. Press Ctrl+C to shut down. 
2022-12-18 22:05:56.2212||INFO|Microsoft.Hosting.Lifetime|Hosting environment: Development 
2022-12-18 22:05:56.2321||INFO|Microsoft.Hosting.Lifetime|Content root path: C:\Users\User\Desktop\Kodowanie\053_RestaurantAPI\RestaurantAPI\RestaurantAPI 
2022-12-18 22:06:45.7680||INFO|Microsoft.Hosting.Lifetime|Now listening on: https://localhost:5001 
2022-12-18 22:06:45.8104||INFO|Microsoft.Hosting.Lifetime|Now listening on: http://localhost:5000 
2022-12-18 22:06:45.8104||INFO|Microsoft.Hosting.Lifetime|Application started. Press Ctrl+C to shut down. 
2022-12-18 22:06:45.8104||INFO|Microsoft.Hosting.Lifetime|Hosting environment: Development 
2022-12-18 22:06:45.8104||INFO|Microsoft.Hosting.Lifetime|Content root path: C:\Users\User\Desktop\Kodowanie\053_RestaurantAPI\RestaurantAPI\RestaurantAPI 
2022-12-18 22:06:54.6360||INFO|Microsoft.Hosting.Lifetime|Now listening on: https://localhost:5001 
2022-12-18 22:06:54.6791||INFO|Microsoft.Hosting.Lifetime|Now listening on: http://localhost:5000 
2022-12-18 22:06:54.6791||INFO|Microsoft.Hosting.Lifetime|Application started. Press Ctrl+C to shut down. 
2022-12-18 22:06:54.6791||INFO|Microsoft.Hosting.Lifetime|Hosting environment: Development 
2022-12-18 22:06:54.6791||INFO|Microsoft.Hosting.Lifetime|Content root path: C:\Users\User\Desktop\Kodowanie\053_RestaurantAPI\RestaurantAPI\RestaurantAPI 
2022-12-18 22:10:24.1494||INFO|Microsoft.Hosting.Lifetime|Now listening on: https://localhost:5001 
2022-12-18 22:10:24.1968||INFO|Microsoft.Hosting.Lifetime|Now listening on: http://localhost:5000 
2022-12-18 22:10:24.2000||INFO|Microsoft.Hosting.Lifetime|Application started. Press Ctrl+C to shut down. 
2022-12-18 22:10:24.2000||INFO|Microsoft.Hosting.Lifetime|Hosting environment: Development 
2022-12-18 22:10:24.2000||INFO|Microsoft.Hosting.Lifetime|Content root path: C:\Users\User\Desktop\Kodowanie\053_RestaurantAPI\RestaurantAPI\RestaurantAPI 
2022-12-18 22:11:35.3952||INFO|Microsoft.Hosting.Lifetime|Now listening on: https://localhost:5001 
2022-12-18 22:11:35.4514||INFO|Microsoft.Hosting.Lifetime|Now listening on: http://localhost:5000 
2022-12-18 22:11:35.4514||INFO|Microsoft.Hosting.Lifetime|Application started. Press Ctrl+C to shut down. 
2022-12-18 22:11:35.4514||INFO|Microsoft.Hosting.Lifetime|Hosting environment: Development 
2022-12-18 22:11:35.4514||INFO|Microsoft.Hosting.Lifetime|Content root path: C:\Users\User\Desktop\Kodowanie\053_RestaurantAPI\RestaurantAPI\RestaurantAPI 
2022-12-18 22:25:45.6436||INFO|Microsoft.Hosting.Lifetime|Now listening on: https://localhost:5001 
2022-12-18 22:25:45.6611||INFO|Microsoft.Hosting.Lifetime|Now listening on: http://localhost:5000 
2022-12-18 22:25:45.6611||INFO|Microsoft.Hosting.Lifetime|Application started. Press Ctrl+C to shut down. 
2022-12-18 22:25:45.6611||INFO|Microsoft.Hosting.Lifetime|Hosting environment: Development 
2022-12-18 22:25:45.6611||INFO|Microsoft.Hosting.Lifetime|Content root path: C:\Users\User\Desktop\Kodowanie\053_RestaurantAPI\RestaurantAPI\RestaurantAPI 
