2023-01-06 15:25:13.1699|30000|WARN|Microsoft.EntityFrameworkCore.Model.Validation|No type was specified for the decimal property 'Price' on entity type 'Dish'. This will cause values to be silently truncated if they do not fit in the default precision and scale. Explicitly specify the SQL server column type that can accommodate all the values in 'OnModelCreating' using 'HasColumnType()', specify precision and scale using 'HasPrecision()' or configure a value converter using 'HasConversion()'. 
2023-01-06 15:25:16.0360||INFO|Microsoft.Hosting.Lifetime|Now listening on: https://localhost:5001 
2023-01-06 15:25:16.0360||INFO|Microsoft.Hosting.Lifetime|Now listening on: http://localhost:5000 
2023-01-06 15:25:16.0360||INFO|Microsoft.Hosting.Lifetime|Application started. Press Ctrl+C to shut down. 
2023-01-06 15:25:16.0360||INFO|Microsoft.Hosting.Lifetime|Hosting environment: Development 
2023-01-06 15:25:16.0360||INFO|Microsoft.Hosting.Lifetime|Content root path: C:\Users\User\Desktop\Kodowanie\053_RestaurantAPI\RestaurantAPI\RestaurantAPI 
2023-01-06 15:25:45.4627|10102|WARN|Microsoft.EntityFrameworkCore.Query|The query uses a row limiting operator ('Skip'/'Take') without an 'OrderBy' operator. This may lead to unpredictable results. 
2023-01-06 15:25:45.4627|10102|WARN|Microsoft.EntityFrameworkCore.Query|The query uses a row limiting operator ('Skip'/'Take') without an 'OrderBy' operator. This may lead to unpredictable results. 
2023-01-06 15:34:23.6246|30000|WARN|Microsoft.EntityFrameworkCore.Model.Validation|No type was specified for the decimal property 'Price' on entity type 'Dish'. This will cause values to be silently truncated if they do not fit in the default precision and scale. Explicitly specify the SQL server column type that can accommodate all the values in 'OnModelCreating' using 'HasColumnType()', specify precision and scale using 'HasPrecision()' or configure a value converter using 'HasConversion()'. 
2023-01-06 15:34:25.0028||INFO|Microsoft.Hosting.Lifetime|Now listening on: https://localhost:5001 
2023-01-06 15:34:25.0028||INFO|Microsoft.Hosting.Lifetime|Now listening on: http://localhost:5000 
2023-01-06 15:34:25.0028||INFO|Microsoft.Hosting.Lifetime|Application started. Press Ctrl+C to shut down. 
2023-01-06 15:34:25.0028||INFO|Microsoft.Hosting.Lifetime|Hosting environment: Development 
2023-01-06 15:34:25.0028||INFO|Microsoft.Hosting.Lifetime|Content root path: C:\Users\User\Desktop\Kodowanie\053_RestaurantAPI\RestaurantAPI\RestaurantAPI 
2023-01-06 15:38:16.2243|30000|WARN|Microsoft.EntityFrameworkCore.Model.Validation|No type was specified for the decimal property 'Price' on entity type 'Dish'. This will cause values to be silently truncated if they do not fit in the default precision and scale. Explicitly specify the SQL server column type that can accommodate all the values in 'OnModelCreating' using 'HasColumnType()', specify precision and scale using 'HasPrecision()' or configure a value converter using 'HasConversion()'. 
2023-01-06 15:38:17.7211||INFO|Microsoft.Hosting.Lifetime|Now listening on: https://localhost:5001 
2023-01-06 15:38:17.7211||INFO|Microsoft.Hosting.Lifetime|Now listening on: http://localhost:5000 
2023-01-06 15:38:17.7211||INFO|Microsoft.Hosting.Lifetime|Application started. Press Ctrl+C to shut down. 
2023-01-06 15:38:17.7211||INFO|Microsoft.Hosting.Lifetime|Hosting environment: Development 
2023-01-06 15:38:17.7211||INFO|Microsoft.Hosting.Lifetime|Content root path: C:\Users\User\Desktop\Kodowanie\053_RestaurantAPI\RestaurantAPI\RestaurantAPI 
2023-01-06 15:38:19.1472|10102|WARN|Microsoft.EntityFrameworkCore.Query|The query uses a row limiting operator ('Skip'/'Take') without an 'OrderBy' operator. This may lead to unpredictable results. 
2023-01-06 15:38:19.1472|10102|WARN|Microsoft.EntityFrameworkCore.Query|The query uses a row limiting operator ('Skip'/'Take') without an 'OrderBy' operator. This may lead to unpredictable results. 
2023-01-06 15:54:45.0163|30000|WARN|Microsoft.EntityFrameworkCore.Model.Validation|No store type was specified for the decimal property 'Price' on entity type 'Dish'. This will cause values to be silently truncated if they do not fit in the default precision and scale. Explicitly specify the SQL server column type that can accommodate all the values in 'OnModelCreating' using 'HasColumnType', specify precision and scale using 'HasPrecision', or configure a value converter using 'HasConversion'. 
2023-01-06 15:55:02.9921|30000|WARN|Microsoft.EntityFrameworkCore.Model.Validation|No store type was specified for the decimal property 'Price' on entity type 'Dish'. This will cause values to be silently truncated if they do not fit in the default precision and scale. Explicitly specify the SQL server column type that can accommodate all the values in 'OnModelCreating' using 'HasColumnType', specify precision and scale using 'HasPrecision', or configure a value converter using 'HasConversion'. 
2023-01-06 15:55:05.8893||INFO|Microsoft.Hosting.Lifetime|Application started. Press Ctrl+C to shut down. 
2023-01-06 15:55:05.8893||INFO|Microsoft.Hosting.Lifetime|Hosting environment: Development 
2023-01-06 15:55:05.8893||INFO|Microsoft.Hosting.Lifetime|Content root path: C:\Users\User\Desktop\Kodowanie\053_RestaurantAPI\RestaurantAPI\RestaurantAPI 
2023-01-06 15:57:21.7257|30000|WARN|Microsoft.EntityFrameworkCore.Model.Validation|No store type was specified for the decimal property 'Price' on entity type 'Dish'. This will cause values to be silently truncated if they do not fit in the default precision and scale. Explicitly specify the SQL server column type that can accommodate all the values in 'OnModelCreating' using 'HasColumnType', specify precision and scale using 'HasPrecision', or configure a value converter using 'HasConversion'. 
2023-01-06 15:57:24.8098|14|INFO|Microsoft.Hosting.Lifetime|Now listening on: https://localhost:5001 
2023-01-06 15:57:24.8152|14|INFO|Microsoft.Hosting.Lifetime|Now listening on: http://localhost:5000 
2023-01-06 15:57:24.8313||INFO|Microsoft.Hosting.Lifetime|Application started. Press Ctrl+C to shut down. 
2023-01-06 15:57:24.8313||INFO|Microsoft.Hosting.Lifetime|Hosting environment: Development 
2023-01-06 15:57:24.8313||INFO|Microsoft.Hosting.Lifetime|Content root path: C:\Users\User\Desktop\Kodowanie\053_RestaurantAPI\RestaurantAPI\RestaurantAPI 
2023-01-06 15:57:47.7416|30000|WARN|Microsoft.EntityFrameworkCore.Model.Validation|No store type was specified for the decimal property 'Price' on entity type 'Dish'. This will cause values to be silently truncated if they do not fit in the default precision and scale. Explicitly specify the SQL server column type that can accommodate all the values in 'OnModelCreating' using 'HasColumnType', specify precision and scale using 'HasPrecision', or configure a value converter using 'HasConversion'. 
2023-01-06 15:57:50.3858||INFO|Microsoft.Hosting.Lifetime|Application started. Press Ctrl+C to shut down. 
2023-01-06 15:57:50.3930||INFO|Microsoft.Hosting.Lifetime|Hosting environment: Development 
2023-01-06 15:57:50.3930||INFO|Microsoft.Hosting.Lifetime|Content root path: C:\Users\User\Desktop\Kodowanie\053_RestaurantAPI\RestaurantAPI\RestaurantAPI 
2023-01-06 15:58:51.4419|10102|WARN|Microsoft.EntityFrameworkCore.Query|The query uses a row limiting operator ('Skip'/'Take') without an 'OrderBy' operator. This may lead to unpredictable results. If the 'Distinct' operator is used after 'OrderBy', then make sure to use the 'OrderBy' operator after 'Distinct' as the ordering would otherwise get erased. 
2023-01-06 15:58:51.4419|10102|WARN|Microsoft.EntityFrameworkCore.Query|The query uses a row limiting operator ('Skip'/'Take') without an 'OrderBy' operator. This may lead to unpredictable results. If the 'Distinct' operator is used after 'OrderBy', then make sure to use the 'OrderBy' operator after 'Distinct' as the ordering would otherwise get erased. 
2023-01-06 16:16:03.8121|30000|WARN|Microsoft.EntityFrameworkCore.Model.Validation|No store type was specified for the decimal property 'Price' on entity type 'Dish'. This will cause values to be silently truncated if they do not fit in the default precision and scale. Explicitly specify the SQL server column type that can accommodate all the values in 'OnModelCreating' using 'HasColumnType', specify precision and scale using 'HasPrecision', or configure a value converter using 'HasConversion'. 
2023-01-06 16:17:10.2075|30000|WARN|Microsoft.EntityFrameworkCore.Model.Validation|No store type was specified for the decimal property 'Price' on entity type 'Dish'. This will cause values to be silently truncated if they do not fit in the default precision and scale. Explicitly specify the SQL server column type that can accommodate all the values in 'OnModelCreating' using 'HasColumnType', specify precision and scale using 'HasPrecision', or configure a value converter using 'HasConversion'. 
2023-01-06 16:17:12.9700||INFO|Microsoft.Hosting.Lifetime|Application started. Press Ctrl+C to shut down. 
2023-01-06 16:17:12.9700||INFO|Microsoft.Hosting.Lifetime|Hosting environment: Development 
2023-01-06 16:17:12.9700||INFO|Microsoft.Hosting.Lifetime|Content root path: C:\Users\User\Desktop\Kodowanie\053_RestaurantAPI\RestaurantAPI\RestaurantAPI\ 
2023-01-06 16:18:15.0219|30000|WARN|Microsoft.EntityFrameworkCore.Model.Validation|No store type was specified for the decimal property 'Price' on entity type 'Dish'. This will cause values to be silently truncated if they do not fit in the default precision and scale. Explicitly specify the SQL server column type that can accommodate all the values in 'OnModelCreating' using 'HasColumnType', specify precision and scale using 'HasPrecision', or configure a value converter using 'HasConversion'. 
2023-01-06 16:18:17.7599||INFO|Microsoft.Hosting.Lifetime|Application started. Press Ctrl+C to shut down. 
2023-01-06 16:18:17.7700||INFO|Microsoft.Hosting.Lifetime|Hosting environment: Development 
2023-01-06 16:18:17.7700||INFO|Microsoft.Hosting.Lifetime|Content root path: C:\Users\User\Desktop\Kodowanie\053_RestaurantAPI\RestaurantAPI\RestaurantAPI\ 
2023-01-06 18:40:50.3684|30000|WARN|Microsoft.EntityFrameworkCore.Model.Validation|No store type was specified for the decimal property 'Price' on entity type 'Dish'. This will cause values to be silently truncated if they do not fit in the default precision and scale. Explicitly specify the SQL server column type that can accommodate all the values in 'OnModelCreating' using 'HasColumnType', specify precision and scale using 'HasPrecision', or configure a value converter using 'HasConversion'. 
2023-01-06 18:40:53.0025|14|INFO|Microsoft.Hosting.Lifetime|Now listening on: https://localhost:5001 
2023-01-06 18:40:53.0025|14|INFO|Microsoft.Hosting.Lifetime|Now listening on: http://localhost:5000 
2023-01-06 18:40:53.0025||INFO|Microsoft.Hosting.Lifetime|Application started. Press Ctrl+C to shut down. 
2023-01-06 18:40:53.0025||INFO|Microsoft.Hosting.Lifetime|Hosting environment: Development 
2023-01-06 18:40:53.0025||INFO|Microsoft.Hosting.Lifetime|Content root path: C:\Users\User\Desktop\Kodowanie\053_RestaurantAPI\RestaurantAPI\RestaurantAPI\ 
