2022-12-22 20:06:30.5537||INFO|Microsoft.Hosting.Lifetime|Now listening on: https://localhost:5001 
2022-12-22 20:06:30.5726||INFO|Microsoft.Hosting.Lifetime|Now listening on: http://localhost:5000 
2022-12-22 20:06:30.5726||INFO|Microsoft.Hosting.Lifetime|Application started. Press Ctrl+C to shut down. 
2022-12-22 20:06:30.5726||INFO|Microsoft.Hosting.Lifetime|Hosting environment: Development 
2022-12-22 20:06:30.5726||INFO|Microsoft.Hosting.Lifetime|Content root path: C:\Users\User\Desktop\Kodowanie\053_RestaurantAPI\RestaurantAPI\RestaurantAPI 
2022-12-22 20:15:43.0876||INFO|Microsoft.Hosting.Lifetime|Now listening on: https://localhost:5001 
2022-12-22 20:15:43.1085||INFO|Microsoft.Hosting.Lifetime|Now listening on: http://localhost:5000 
2022-12-22 20:15:43.1085||INFO|Microsoft.Hosting.Lifetime|Application started. Press Ctrl+C to shut down. 
2022-12-22 20:15:43.1085||INFO|Microsoft.Hosting.Lifetime|Hosting environment: Development 
2022-12-22 20:15:43.1085||INFO|Microsoft.Hosting.Lifetime|Content root path: C:\Users\User\Desktop\Kodowanie\053_RestaurantAPI\RestaurantAPI\RestaurantAPI 
2022-12-22 20:46:32.1203||INFO|Microsoft.Hosting.Lifetime|Now listening on: https://localhost:5001 
2022-12-22 20:46:32.1469||INFO|Microsoft.Hosting.Lifetime|Now listening on: http://localhost:5000 
2022-12-22 20:46:32.1469||INFO|Microsoft.Hosting.Lifetime|Application started. Press Ctrl+C to shut down. 
2022-12-22 20:46:32.1532||INFO|Microsoft.Hosting.Lifetime|Hosting environment: Development 
2022-12-22 20:46:32.1532||INFO|Microsoft.Hosting.Lifetime|Content root path: C:\Users\User\Desktop\Kodowanie\053_RestaurantAPI\RestaurantAPI\RestaurantAPI 
2022-12-22 21:03:24.3771||INFO|Microsoft.Hosting.Lifetime|Now listening on: https://localhost:5001 
2022-12-22 21:03:24.3953||INFO|Microsoft.Hosting.Lifetime|Now listening on: http://localhost:5000 
2022-12-22 21:03:24.3953||INFO|Microsoft.Hosting.Lifetime|Application started. Press Ctrl+C to shut down. 
2022-12-22 21:03:24.3953||INFO|Microsoft.Hosting.Lifetime|Hosting environment: Development 
2022-12-22 21:03:24.3953||INFO|Microsoft.Hosting.Lifetime|Content root path: C:\Users\User\Desktop\Kodowanie\053_RestaurantAPI\RestaurantAPI\RestaurantAPI 
